[0.016s] Invoking command in '/home/linux/ros2_ws/build/pub1_2': CMAKE_PREFIX_PATH=${CMAKE_PREFIX_PATH}:/opt/ros/foxy /usr/bin/cmake /home/linux/ros2_ws/src/pub1_2 -DAMENT_CMAKE_SYMLINK_INSTALL=1 -DCMAKE_INSTALL_PREFIX=/home/linux/ros2_ws/install/pub1_2
[0.353s] -- The C compiler identification is GNU 9.4.0
[0.699s] -- The CXX compiler identification is GNU 9.4.0
[0.776s] -- Check for working C compiler: /usr/bin/cc
[0.898s] -- Check for working C compiler: /usr/bin/cc -- works
[0.900s] -- Detecting C compiler ABI info
[1.023s] -- Detecting C compiler ABI info - done
[1.033s] -- Detecting C compile features
[1.033s] -- Detecting C compile features - done
[1.037s] -- Check for working CXX compiler: /usr/bin/c++
[1.161s] -- Check for working CXX compiler: /usr/bin/c++ -- works
[1.162s] -- Detecting CXX compiler ABI info
[1.284s] -- Detecting CXX compiler ABI info - done
[1.293s] -- Detecting CXX compile features
[1.294s] -- Detecting CXX compile features - done
[1.306s] -- Found ament_cmake: 0.9.12 (/opt/ros/foxy/share/ament_cmake/cmake)
[1.330s] -- Found PythonInterp: /usr/bin/python3 (found suitable version "3.8.10", minimum required is "3") 
[1.331s] -- Using PYTHON_EXECUTABLE: /usr/bin/python3
[1.479s] -- Override CMake install command with custom implementation using symlinks instead of copying resources
[1.527s] -- Found rclcpp: 2.4.3 (/opt/ros/foxy/share/rclcpp/cmake)
[1.700s] -- Using all available rosidl_typesupport_c: rosidl_typesupport_fastrtps_c;rosidl_typesupport_introspection_c
[1.711s] -- Found rosidl_adapter: 1.3.1 (/opt/ros/foxy/share/rosidl_adapter/cmake)
[2.466s] -- Found OpenSSL: /usr/lib/x86_64-linux-gnu/libcrypto.so (found version "1.1.1f")  
[3.217s] -- Found FastRTPS: /opt/ros/foxy/include  
[4.491s] -- Using all available rosidl_typesupport_cpp: rosidl_typesupport_fastrtps_cpp;rosidl_typesupport_introspection_cpp
[4.568s] -- Found rmw_implementation_cmake: 1.0.4 (/opt/ros/foxy/share/rmw_implementation_cmake/cmake)
[4.572s] -- Using RMW implementation 'rmw_fastrtps_cpp' as default
[4.574s] -- Looking for pthread.h
[4.710s] -- Looking for pthread.h - found
[4.710s] -- Performing Test CMAKE_HAVE_LIBC_PTHREAD
[4.834s] -- Performing Test CMAKE_HAVE_LIBC_PTHREAD - Failed
[4.835s] -- Looking for pthread_create in pthreads
[4.945s] -- Looking for pthread_create in pthreads - not found
[4.945s] -- Looking for pthread_create in pthread
[5.064s] -- Looking for pthread_create in pthread - found
[5.065s] -- Found Threads: TRUE  
[5.231s] -- Found geometry_msgs: 2.0.5 (/opt/ros/foxy/share/geometry_msgs/cmake)
[5.320s] -- Configuring done
[5.326s] -- Generating done
[5.329s] -- Build files have been written to: /home/linux/ros2_ws/build/pub1_2
[5.334s] Invoked command in '/home/linux/ros2_ws/build/pub1_2' returned '0': CMAKE_PREFIX_PATH=${CMAKE_PREFIX_PATH}:/opt/ros/foxy /usr/bin/cmake /home/linux/ros2_ws/src/pub1_2 -DAMENT_CMAKE_SYMLINK_INSTALL=1 -DCMAKE_INSTALL_PREFIX=/home/linux/ros2_ws/install/pub1_2
[5.337s] Invoking command in '/home/linux/ros2_ws/build/pub1_2': CMAKE_PREFIX_PATH=${CMAKE_PREFIX_PATH}:/opt/ros/foxy /usr/bin/cmake --build /home/linux/ros2_ws/build/pub1_2 -- -j12 -l12
[5.369s] [35m[1mScanning dependencies of target pub1_2[0m
[5.512s] [ 50%] [32mBuilding CXX object CMakeFiles/pub1_2.dir/src/pub1_2.cpp.o[0m
[7.781s] [100%] [32m[1mLinking CXX executable pub1_2[0m
[7.990s] [100%] Built target pub1_2
[7.999s] Invoked command in '/home/linux/ros2_ws/build/pub1_2' returned '0': CMAKE_PREFIX_PATH=${CMAKE_PREFIX_PATH}:/opt/ros/foxy /usr/bin/cmake --build /home/linux/ros2_ws/build/pub1_2 -- -j12 -l12
[8.010s] Invoking command in '/home/linux/ros2_ws/build/pub1_2': CMAKE_PREFIX_PATH=${CMAKE_PREFIX_PATH}:/opt/ros/foxy /usr/bin/cmake --install /home/linux/ros2_ws/build/pub1_2
[8.016s] -- Install configuration: ""
[8.016s] -- Execute custom install script
[8.017s] -- Symlinking: /home/linux/ros2_ws/install/pub1_2/lib/pub1_2/pub1_2
[8.025s] -- Symlinking: /home/linux/ros2_ws/install/pub1_2/share/ament_index/resource_index/package_run_dependencies/pub1_2
[8.032s] -- Symlinking: /home/linux/ros2_ws/install/pub1_2/share/ament_index/resource_index/parent_prefix_path/pub1_2
[8.040s] -- Symlinking: /home/linux/ros2_ws/install/pub1_2/share/pub1_2/environment/ament_prefix_path.sh
[8.047s] -- Symlinking: /home/linux/ros2_ws/install/pub1_2/share/pub1_2/environment/ament_prefix_path.dsv
[8.055s] -- Symlinking: /home/linux/ros2_ws/install/pub1_2/share/pub1_2/environment/path.sh
[8.062s] -- Symlinking: /home/linux/ros2_ws/install/pub1_2/share/pub1_2/environment/path.dsv
[8.069s] -- Symlinking: /home/linux/ros2_ws/install/pub1_2/share/pub1_2/local_setup.bash
[8.076s] -- Symlinking: /home/linux/ros2_ws/install/pub1_2/share/pub1_2/local_setup.sh
[8.084s] -- Symlinking: /home/linux/ros2_ws/install/pub1_2/share/pub1_2/local_setup.zsh
[8.091s] -- Symlinking: /home/linux/ros2_ws/install/pub1_2/share/pub1_2/local_setup.dsv
[8.098s] -- Symlinking: /home/linux/ros2_ws/install/pub1_2/share/pub1_2/package.dsv
[8.105s] -- Symlinking: /home/linux/ros2_ws/install/pub1_2/share/ament_index/resource_index/packages/pub1_2
[8.113s] -- Symlinking: /home/linux/ros2_ws/install/pub1_2/share/pub1_2/cmake/pub1_2Config.cmake
[8.120s] -- Symlinking: /home/linux/ros2_ws/install/pub1_2/share/pub1_2/cmake/pub1_2Config-version.cmake
[8.127s] -- Symlinking: /home/linux/ros2_ws/install/pub1_2/share/pub1_2/package.xml
[8.136s] Invoked command in '/home/linux/ros2_ws/build/pub1_2' returned '0': CMAKE_PREFIX_PATH=${CMAKE_PREFIX_PATH}:/opt/ros/foxy /usr/bin/cmake --install /home/linux/ros2_ws/build/pub1_2
