[0.010s] Invoking command in '/home/linux/ros2_ws/build/psub1_2': CMAKE_PREFIX_PATH=${CMAKE_PREFIX_PATH}:/opt/ros/foxy /usr/bin/cmake --build /home/linux/ros2_ws/build/psub1_2 -- -j16 -l16
[0.036s] [35m[1mScanning dependencies of target pub[0m
[0.036s] [35m[1mScanning dependencies of target sub[0m
[0.054s] [ 50%] [32mBuilding CXX object CMakeFiles/sub.dir/src/sub.cpp.o[0m
[0.054s] [ 50%] [32mBuilding CXX object CMakeFiles/pub.dir/src/pub.cpp.o[0m
[2.237s] [ 75%] [32m[1mLinking CXX executable pub[0m
[2.404s] [ 75%] Built target pub
[3.575s] [100%] [32m[1mLinking CXX executable sub[0m
[3.779s] [100%] Built target sub
[3.787s] Invoked command in '/home/linux/ros2_ws/build/psub1_2' returned '0': CMAKE_PREFIX_PATH=${CMAKE_PREFIX_PATH}:/opt/ros/foxy /usr/bin/cmake --build /home/linux/ros2_ws/build/psub1_2 -- -j16 -l16
[3.795s] Invoking command in '/home/linux/ros2_ws/build/psub1_2': CMAKE_PREFIX_PATH=${CMAKE_PREFIX_PATH}:/opt/ros/foxy /usr/bin/cmake --install /home/linux/ros2_ws/build/psub1_2
[3.800s] -- Install configuration: ""
[3.801s] -- Execute custom install script
[3.801s] -- Up-to-date symlink: /home/linux/ros2_ws/install/psub1_2/lib/psub1_2/pub
[3.801s] -- Up-to-date symlink: /home/linux/ros2_ws/install/psub1_2/lib/psub1_2/sub
[3.802s] -- Up-to-date symlink: /home/linux/ros2_ws/install/psub1_2/share/ament_index/resource_index/package_run_dependencies/psub1_2
[3.802s] -- Up-to-date symlink: /home/linux/ros2_ws/install/psub1_2/share/ament_index/resource_index/parent_prefix_path/psub1_2
[3.802s] -- Up-to-date symlink: /home/linux/ros2_ws/install/psub1_2/share/psub1_2/environment/ament_prefix_path.sh
[3.802s] -- Up-to-date symlink: /home/linux/ros2_ws/install/psub1_2/share/psub1_2/environment/ament_prefix_path.dsv
[3.802s] -- Up-to-date symlink: /home/linux/ros2_ws/install/psub1_2/share/psub1_2/environment/path.sh
[3.803s] -- Up-to-date symlink: /home/linux/ros2_ws/install/psub1_2/share/psub1_2/environment/path.dsv
[3.803s] -- Up-to-date symlink: /home/linux/ros2_ws/install/psub1_2/share/psub1_2/local_setup.bash
[3.803s] -- Up-to-date symlink: /home/linux/ros2_ws/install/psub1_2/share/psub1_2/local_setup.sh
[3.803s] -- Up-to-date symlink: /home/linux/ros2_ws/install/psub1_2/share/psub1_2/local_setup.zsh
[3.803s] -- Up-to-date symlink: /home/linux/ros2_ws/install/psub1_2/share/psub1_2/local_setup.dsv
[3.804s] -- Symlinking: /home/linux/ros2_ws/install/psub1_2/share/psub1_2/package.dsv
[3.810s] -- Up-to-date symlink: /home/linux/ros2_ws/install/psub1_2/share/ament_index/resource_index/packages/psub1_2
[3.810s] -- Up-to-date symlink: /home/linux/ros2_ws/install/psub1_2/share/psub1_2/cmake/psub1_2Config.cmake
[3.810s] -- Up-to-date symlink: /home/linux/ros2_ws/install/psub1_2/share/psub1_2/cmake/psub1_2Config-version.cmake
[3.810s] -- Up-to-date symlink: /home/linux/ros2_ws/install/psub1_2/share/psub1_2/package.xml
[3.813s] Invoked command in '/home/linux/ros2_ws/build/psub1_2' returned '0': CMAKE_PREFIX_PATH=${CMAKE_PREFIX_PATH}:/opt/ros/foxy /usr/bin/cmake --install /home/linux/ros2_ws/build/psub1_2
