[01m[K/home/linux/ros2_ws/src/psub1/src/pub.cpp:[m[K In function ‘[01m[Kint main(int, char**)[m[K’:
[01m[K/home/linux/ros2_ws/src/psub1/src/pub.cpp:12:5:[m[K [01;31m[Kerror: [m[Kexpected primary-expression before ‘[01m[K>[m[K’ token
   12 |     [01;31m[K>[m[Kcreate_publisher<std_msgs::msg::String>("topic_pub1", qos_profile );
      |     [01;31m[K^[m[K
[01m[K/home/linux/ros2_ws/src/psub1/src/pub.cpp:12:6:[m[K [01;31m[Kerror: [m[K‘[01m[Kcreate_publisher[m[K’ was not declared in this scope; did you mean ‘[01m[Krclcpp::create_publisher[m[K’?
   12 |     >[01;31m[Kcreate_publisher[m[K<std_msgs::msg::String>("topic_pub1", qos_profile );
      |      [01;31m[K^~~~~~~~~~~~~~~~[m[K
      |      [32m[Krclcpp::create_publisher[m[K
In file included from [01m[K/opt/ros/foxy/include/rclcpp/node_impl.hpp:39[m[K,
                 from [01m[K/opt/ros/foxy/include/rclcpp/node.hpp:1224[m[K,
                 from [01m[K/opt/ros/foxy/include/rclcpp/executors/single_threaded_executor.hpp:28[m[K,
                 from [01m[K/opt/ros/foxy/include/rclcpp/executors.hpp:22[m[K,
                 from [01m[K/opt/ros/foxy/include/rclcpp/rclcpp.hpp:146[m[K,
                 from [01m[K/home/linux/ros2_ws/src/psub1/src/pub.cpp:1[m[K:
[01m[K/opt/ros/foxy/include/rclcpp/create_publisher.hpp:43:1:[m[K [01;36m[Knote: [m[K‘[01m[Krclcpp::create_publisher[m[K’ declared here
   43 | [01;36m[Kcreate_publisher[m[K(
      | [01;36m[K^~~~~~~~~~~~~~~~[m[K
[01m[K/home/linux/ros2_ws/src/psub1/src/pub.cpp:12:44:[m[K [01;31m[Kerror: [m[Kexpected primary-expression before ‘[01m[K>[m[K’ token
   12 |     >create_publisher<std_msgs::msg::String[01;31m[K>[m[K("topic_pub1", qos_profile );
      |                                            [01;31m[K^[m[K
[01m[K/home/linux/ros2_ws/src/psub1/src/pub.cpp:12:46:[m[K [01;35m[Kwarning: [m[Kleft operand of comma operator has no effect [[01;35m[K-Wunused-value[m[K]
   12 |     >create_publisher<std_msgs::msg::String>([01;35m[K"topic_pub1"[m[K, qos_profile );
      |                                              [01;35m[K^~~~~~~~~~~~[m[K
make[2]: *** [CMakeFiles/pub.dir/build.make:63: CMakeFiles/pub.dir/src/pub.cpp.o] Error 1
make[1]: *** [CMakeFiles/Makefile2:107: CMakeFiles/pub.dir/all] Error 2
make[1]: *** Waiting for unfinished jobs....
make: *** [Makefile:141: all] Error 2
