[0.017s] Invoking command in '/home/linux/ros2_ws/build/pub1_3': CMAKE_PREFIX_PATH=${CMAKE_PREFIX_PATH}:/opt/ros/foxy /usr/bin/cmake /home/linux/ros2_ws/src/pub1_3 -DAMENT_CMAKE_SYMLINK_INSTALL=1 -DCMAKE_INSTALL_PREFIX=/home/linux/ros2_ws/install/pub1_3
[0.355s] -- The C compiler identification is GNU 9.4.0
[0.716s] -- The CXX compiler identification is GNU 9.4.0
[0.810s] -- Check for working C compiler: /usr/bin/cc
[0.932s] -- Check for working C compiler: /usr/bin/cc -- works
[0.934s] -- Detecting C compiler ABI info
[1.055s] -- Detecting C compiler ABI info - done
[1.065s] -- Detecting C compile features
[1.066s] -- Detecting C compile features - done
[1.069s] -- Check for working CXX compiler: /usr/bin/c++
[1.197s] -- Check for working CXX compiler: /usr/bin/c++ -- works
[1.198s] -- Detecting CXX compiler ABI info
[1.323s] -- Detecting CXX compiler ABI info - done
[1.332s] -- Detecting CXX compile features
[1.333s] -- Detecting CXX compile features - done
[1.345s] -- Found ament_cmake: 0.9.12 (/opt/ros/foxy/share/ament_cmake/cmake)
[1.370s] -- Found PythonInterp: /usr/bin/python3 (found suitable version "3.8.10", minimum required is "3") 
[1.370s] -- Using PYTHON_EXECUTABLE: /usr/bin/python3
[1.521s] -- Override CMake install command with custom implementation using symlinks instead of copying resources
[1.567s] -- Found rclcpp: 2.4.3 (/opt/ros/foxy/share/rclcpp/cmake)
[1.750s] -- Using all available rosidl_typesupport_c: rosidl_typesupport_fastrtps_c;rosidl_typesupport_introspection_c
[1.762s] -- Found rosidl_adapter: 1.3.1 (/opt/ros/foxy/share/rosidl_adapter/cmake)
[2.547s] -- Found OpenSSL: /usr/lib/x86_64-linux-gnu/libcrypto.so (found version "1.1.1f")  
[3.314s] -- Found FastRTPS: /opt/ros/foxy/include  
[4.707s] -- Using all available rosidl_typesupport_cpp: rosidl_typesupport_fastrtps_cpp;rosidl_typesupport_introspection_cpp
[4.800s] -- Found rmw_implementation_cmake: 1.0.4 (/opt/ros/foxy/share/rmw_implementation_cmake/cmake)
[4.804s] -- Using RMW implementation 'rmw_fastrtps_cpp' as default
[4.807s] -- Looking for pthread.h
[4.931s] -- Looking for pthread.h - found
[4.931s] -- Performing Test CMAKE_HAVE_LIBC_PTHREAD
[5.053s] -- Performing Test CMAKE_HAVE_LIBC_PTHREAD - Failed
[5.053s] -- Looking for pthread_create in pthreads
[5.164s] -- Looking for pthread_create in pthreads - not found
[5.164s] -- Looking for pthread_create in pthread
[5.283s] -- Looking for pthread_create in pthread - found
[5.283s] -- Found Threads: TRUE  
[5.451s] -- Found geometry_msgs: 2.0.5 (/opt/ros/foxy/share/geometry_msgs/cmake)
[5.542s] -- Configuring done
[5.549s] -- Generating done
[5.552s] -- Build files have been written to: /home/linux/ros2_ws/build/pub1_3
[5.558s] Invoked command in '/home/linux/ros2_ws/build/pub1_3' returned '0': CMAKE_PREFIX_PATH=${CMAKE_PREFIX_PATH}:/opt/ros/foxy /usr/bin/cmake /home/linux/ros2_ws/src/pub1_3 -DAMENT_CMAKE_SYMLINK_INSTALL=1 -DCMAKE_INSTALL_PREFIX=/home/linux/ros2_ws/install/pub1_3
[5.559s] Invoking command in '/home/linux/ros2_ws/build/pub1_3': CMAKE_PREFIX_PATH=${CMAKE_PREFIX_PATH}:/opt/ros/foxy /usr/bin/cmake --build /home/linux/ros2_ws/build/pub1_3 -- -j12 -l12
[5.594s] [35m[1mScanning dependencies of target pub1_3[0m
[5.741s] [ 50%] [32mBuilding CXX object CMakeFiles/pub1_3.dir/src/pub1_3.cpp.o[0m
[8.078s] [100%] [32m[1mLinking CXX executable pub1_3[0m
[8.307s] [100%] Built target pub1_3
[8.317s] Invoked command in '/home/linux/ros2_ws/build/pub1_3' returned '0': CMAKE_PREFIX_PATH=${CMAKE_PREFIX_PATH}:/opt/ros/foxy /usr/bin/cmake --build /home/linux/ros2_ws/build/pub1_3 -- -j12 -l12
[8.328s] Invoking command in '/home/linux/ros2_ws/build/pub1_3': CMAKE_PREFIX_PATH=${CMAKE_PREFIX_PATH}:/opt/ros/foxy /usr/bin/cmake --install /home/linux/ros2_ws/build/pub1_3
[8.334s] -- Install configuration: ""
[8.335s] -- Execute custom install script
[8.335s] -- Symlinking: /home/linux/ros2_ws/install/pub1_3/lib/pub1_3/pub1_3
[8.344s] -- Symlinking: /home/linux/ros2_ws/install/pub1_3/share/ament_index/resource_index/package_run_dependencies/pub1_3
[8.352s] -- Symlinking: /home/linux/ros2_ws/install/pub1_3/share/ament_index/resource_index/parent_prefix_path/pub1_3
[8.360s] -- Symlinking: /home/linux/ros2_ws/install/pub1_3/share/pub1_3/environment/ament_prefix_path.sh
[8.367s] -- Symlinking: /home/linux/ros2_ws/install/pub1_3/share/pub1_3/environment/ament_prefix_path.dsv
[8.375s] -- Symlinking: /home/linux/ros2_ws/install/pub1_3/share/pub1_3/environment/path.sh
[8.383s] -- Symlinking: /home/linux/ros2_ws/install/pub1_3/share/pub1_3/environment/path.dsv
[8.390s] -- Symlinking: /home/linux/ros2_ws/install/pub1_3/share/pub1_3/local_setup.bash
[8.398s] -- Symlinking: /home/linux/ros2_ws/install/pub1_3/share/pub1_3/local_setup.sh
[8.405s] -- Symlinking: /home/linux/ros2_ws/install/pub1_3/share/pub1_3/local_setup.zsh
[8.413s] -- Symlinking: /home/linux/ros2_ws/install/pub1_3/share/pub1_3/local_setup.dsv
[8.421s] -- Symlinking: /home/linux/ros2_ws/install/pub1_3/share/pub1_3/package.dsv
[8.429s] -- Symlinking: /home/linux/ros2_ws/install/pub1_3/share/ament_index/resource_index/packages/pub1_3
[8.439s] -- Symlinking: /home/linux/ros2_ws/install/pub1_3/share/pub1_3/cmake/pub1_3Config.cmake
[8.446s] -- Symlinking: /home/linux/ros2_ws/install/pub1_3/share/pub1_3/cmake/pub1_3Config-version.cmake
[8.455s] -- Symlinking: /home/linux/ros2_ws/install/pub1_3/share/pub1_3/package.xml
[8.465s] Invoked command in '/home/linux/ros2_ws/build/pub1_3' returned '0': CMAKE_PREFIX_PATH=${CMAKE_PREFIX_PATH}:/opt/ros/foxy /usr/bin/cmake --install /home/linux/ros2_ws/build/pub1_3
