[0.014s] Invoking command in '/home/linux/ros2_ws/src/build/pub1_2': CMAKE_PREFIX_PATH=${CMAKE_PREFIX_PATH}:/opt/ros/foxy /usr/bin/cmake /home/linux/ros2_ws/src/pub1_2 -DAMENT_CMAKE_SYMLINK_INSTALL=1 -DCMAKE_INSTALL_PREFIX=/home/linux/ros2_ws/src/install/pub1_2
[0.289s] -- The C compiler identification is GNU 9.4.0
[0.569s] -- The CXX compiler identification is GNU 9.4.0
[0.631s] -- Check for working C compiler: /usr/bin/cc
[0.736s] -- Check for working C compiler: /usr/bin/cc -- works
[0.738s] -- Detecting C compiler ABI info
[0.841s] -- Detecting C compiler ABI info - done
[0.850s] -- Detecting C compile features
[0.850s] -- Detecting C compile features - done
[0.854s] -- Check for working CXX compiler: /usr/bin/c++
[0.975s] -- Check for working CXX compiler: /usr/bin/c++ -- works
[0.976s] -- Detecting CXX compiler ABI info
[1.097s] -- Detecting CXX compiler ABI info - done
[1.106s] -- Detecting CXX compile features
[1.106s] -- Detecting CXX compile features - done
[1.119s] -- Found ament_cmake: 0.9.12 (/opt/ros/foxy/share/ament_cmake/cmake)
[1.140s] -- Found PythonInterp: /usr/bin/python3 (found suitable version "3.8.10", minimum required is "3") 
[1.141s] -- Using PYTHON_EXECUTABLE: /usr/bin/python3
[1.274s] -- Override CMake install command with custom implementation using symlinks instead of copying resources
[1.306s] -- Found rclcpp: 2.4.3 (/opt/ros/foxy/share/rclcpp/cmake)
[1.428s] -- Using all available rosidl_typesupport_c: rosidl_typesupport_fastrtps_c;rosidl_typesupport_introspection_c
[1.437s] -- Found rosidl_adapter: 1.3.1 (/opt/ros/foxy/share/rosidl_adapter/cmake)
[1.943s] -- Found OpenSSL: /usr/lib/x86_64-linux-gnu/libcrypto.so (found version "1.1.1f")  
[2.457s] -- Found FastRTPS: /opt/ros/foxy/include  
[3.429s] -- Using all available rosidl_typesupport_cpp: rosidl_typesupport_fastrtps_cpp;rosidl_typesupport_introspection_cpp
[3.491s] -- Found rmw_implementation_cmake: 1.0.4 (/opt/ros/foxy/share/rmw_implementation_cmake/cmake)
[3.494s] -- Using RMW implementation 'rmw_fastrtps_cpp' as default
[3.496s] -- Looking for pthread.h
[3.622s] -- Looking for pthread.h - found
[3.623s] -- Performing Test CMAKE_HAVE_LIBC_PTHREAD
[3.740s] -- Performing Test CMAKE_HAVE_LIBC_PTHREAD - Failed
[3.740s] -- Looking for pthread_create in pthreads
[3.845s] -- Looking for pthread_create in pthreads - not found
[3.845s] -- Looking for pthread_create in pthread
[3.957s] -- Looking for pthread_create in pthread - found
[3.958s] -- Found Threads: TRUE  
[4.104s] -- Found geometry_msgs: 2.0.5 (/opt/ros/foxy/share/geometry_msgs/cmake)
[4.185s] -- Configuring done
[4.191s] -- Generating done
[4.194s] -- Build files have been written to: /home/linux/ros2_ws/src/build/pub1_2
[4.202s] Invoked command in '/home/linux/ros2_ws/src/build/pub1_2' returned '0': CMAKE_PREFIX_PATH=${CMAKE_PREFIX_PATH}:/opt/ros/foxy /usr/bin/cmake /home/linux/ros2_ws/src/pub1_2 -DAMENT_CMAKE_SYMLINK_INSTALL=1 -DCMAKE_INSTALL_PREFIX=/home/linux/ros2_ws/src/install/pub1_2
[4.202s] Invoking command in '/home/linux/ros2_ws/src/build/pub1_2': CMAKE_PREFIX_PATH=${CMAKE_PREFIX_PATH}:/opt/ros/foxy /usr/bin/cmake --build /home/linux/ros2_ws/src/build/pub1_2 -- -j16 -l16
[4.229s] [35m[1mScanning dependencies of target pub1_2[0m
[4.354s] [ 50%] [32mBuilding CXX object CMakeFiles/pub1_2.dir/src/pub1_2.cpp.o[0m
[6.475s] [100%] [32m[1mLinking CXX executable pub1_2[0m
[6.674s] [100%] Built target pub1_2
[6.683s] Invoked command in '/home/linux/ros2_ws/src/build/pub1_2' returned '0': CMAKE_PREFIX_PATH=${CMAKE_PREFIX_PATH}:/opt/ros/foxy /usr/bin/cmake --build /home/linux/ros2_ws/src/build/pub1_2 -- -j16 -l16
[6.693s] Invoking command in '/home/linux/ros2_ws/src/build/pub1_2': CMAKE_PREFIX_PATH=${CMAKE_PREFIX_PATH}:/opt/ros/foxy /usr/bin/cmake --install /home/linux/ros2_ws/src/build/pub1_2
[6.699s] -- Install configuration: ""
[6.699s] -- Execute custom install script
[6.700s] -- Symlinking: /home/linux/ros2_ws/src/install/pub1_2/lib/pub1_2/pub1_2
[6.707s] -- Symlinking: /home/linux/ros2_ws/src/install/pub1_2/share/ament_index/resource_index/package_run_dependencies/pub1_2
[6.714s] -- Symlinking: /home/linux/ros2_ws/src/install/pub1_2/share/ament_index/resource_index/parent_prefix_path/pub1_2
[6.720s] -- Symlinking: /home/linux/ros2_ws/src/install/pub1_2/share/pub1_2/environment/ament_prefix_path.sh
[6.726s] -- Symlinking: /home/linux/ros2_ws/src/install/pub1_2/share/pub1_2/environment/ament_prefix_path.dsv
[6.733s] -- Symlinking: /home/linux/ros2_ws/src/install/pub1_2/share/pub1_2/environment/path.sh
[6.740s] -- Symlinking: /home/linux/ros2_ws/src/install/pub1_2/share/pub1_2/environment/path.dsv
[6.747s] -- Symlinking: /home/linux/ros2_ws/src/install/pub1_2/share/pub1_2/local_setup.bash
[6.754s] -- Symlinking: /home/linux/ros2_ws/src/install/pub1_2/share/pub1_2/local_setup.sh
[6.760s] -- Symlinking: /home/linux/ros2_ws/src/install/pub1_2/share/pub1_2/local_setup.zsh
[6.766s] -- Symlinking: /home/linux/ros2_ws/src/install/pub1_2/share/pub1_2/local_setup.dsv
[6.772s] -- Symlinking: /home/linux/ros2_ws/src/install/pub1_2/share/pub1_2/package.dsv
[6.779s] -- Symlinking: /home/linux/ros2_ws/src/install/pub1_2/share/ament_index/resource_index/packages/pub1_2
[6.785s] -- Symlinking: /home/linux/ros2_ws/src/install/pub1_2/share/pub1_2/cmake/pub1_2Config.cmake
[6.791s] -- Symlinking: /home/linux/ros2_ws/src/install/pub1_2/share/pub1_2/cmake/pub1_2Config-version.cmake
[6.798s] -- Symlinking: /home/linux/ros2_ws/src/install/pub1_2/share/pub1_2/package.xml
[6.807s] Invoked command in '/home/linux/ros2_ws/src/build/pub1_2' returned '0': CMAKE_PREFIX_PATH=${CMAKE_PREFIX_PATH}:/opt/ros/foxy /usr/bin/cmake --install /home/linux/ros2_ws/src/build/pub1_2
