[0.012s] Invoking command in '/home/linux/ros2_ws/build/pub1': CMAKE_PREFIX_PATH=${CMAKE_PREFIX_PATH}:/opt/ros/foxy /usr/bin/cmake --build /home/linux/ros2_ws/build/pub1 -- -j16 -l16
[0.112s] -- Found ament_cmake: 0.9.12 (/opt/ros/foxy/share/ament_cmake/cmake)
[0.132s] -- Using PYTHON_EXECUTABLE: /usr/bin/python3
[0.265s] -- Override CMake install command with custom implementation using symlinks instead of copying resources
[0.283s] -- Found rclcpp: 2.4.3 (/opt/ros/foxy/share/rclcpp/cmake)
[0.346s] -- Using all available rosidl_typesupport_c: rosidl_typesupport_fastrtps_c;rosidl_typesupport_introspection_c
[0.350s] -- Found rosidl_adapter: 1.3.1 (/opt/ros/foxy/share/rosidl_adapter/cmake)
[0.462s] -- Using all available rosidl_typesupport_cpp: rosidl_typesupport_fastrtps_cpp;rosidl_typesupport_introspection_cpp
[0.518s] -- Found rmw_implementation_cmake: 1.0.4 (/opt/ros/foxy/share/rmw_implementation_cmake/cmake)
[0.520s] -- Using RMW implementation 'rmw_fastrtps_cpp' as default
[0.699s] CMake Error at /opt/ros/foxy/share/ament_cmake_core/cmake/core/ament_package_xml.cmake:53 (message):
[0.699s]   ament_package_xml() package name 'pub1' in '/package.xml' does not match
[0.700s]   current PROJECT_NAME 'pub1_1'.  You must call project() with the same
[0.700s]   package name before.
[0.700s] Call Stack (most recent call first):
[0.700s]   /opt/ros/foxy/share/ament_cmake_core/cmake/core/ament_package.cmake:63 (ament_package_xml)
[0.700s]   CMakeLists.txt:21 (ament_package)
[0.700s] 
[0.700s] 
[0.700s] -- Configuring incomplete, errors occurred!
[0.700s] See also "/home/linux/ros2_ws/build/pub1/CMakeFiles/CMakeOutput.log".
[0.700s] See also "/home/linux/ros2_ws/build/pub1/CMakeFiles/CMakeError.log".
[0.719s] make: *** [Makefile:266: cmake_check_build_system] Error 1
[0.721s] Invoked command in '/home/linux/ros2_ws/build/pub1' returned '2': CMAKE_PREFIX_PATH=${CMAKE_PREFIX_PATH}:/opt/ros/foxy /usr/bin/cmake --build /home/linux/ros2_ws/build/pub1 -- -j16 -l16
