[0.013s] Invoking command in '/home/linux/ros2_ws/build/pub1': /usr/bin/cmake /home/linux/ros2_ws/src/pub1 -DCMAKE_INSTALL_PREFIX=/home/linux/ros2_ws/install/pub1
[0.138s] -- The C compiler identification is GNU 9.4.0
[0.324s] -- The CXX compiler identification is GNU 9.4.0
[0.410s] -- Check for working C compiler: /usr/bin/cc
[0.529s] -- Check for working C compiler: /usr/bin/cc -- works
[0.530s] -- Detecting C compiler ABI info
[0.643s] -- Detecting C compiler ABI info - done
[0.652s] -- Detecting C compile features
[0.653s] -- Detecting C compile features - done
[0.655s] -- Check for working CXX compiler: /usr/bin/c++
[0.775s] -- Check for working CXX compiler: /usr/bin/c++ -- works
[0.776s] -- Detecting CXX compiler ABI info
[0.902s] -- Detecting CXX compiler ABI info - done
[0.911s] -- Detecting CXX compile features
[0.911s] -- Detecting CXX compile features - done
[0.913s] -- Found ament_cmake: 0.9.12 (/opt/ros/foxy/share/ament_cmake/cmake)
[0.931s] -- Found PythonInterp: /usr/bin/python3 (found suitable version "3.8.10", minimum required is "3") 
[0.931s] -- Using PYTHON_EXECUTABLE: /usr/bin/python3
[1.089s] -- Found rclcpp: 2.4.3 (/opt/ros/foxy/share/rclcpp/cmake)
[1.203s] -- Using all available rosidl_typesupport_c: rosidl_typesupport_fastrtps_c;rosidl_typesupport_introspection_c
[1.208s] -- Found rosidl_adapter: 1.3.1 (/opt/ros/foxy/share/rosidl_adapter/cmake)
[2.549s] -- Found OpenSSL: /usr/lib/x86_64-linux-gnu/libcrypto.so (found version "1.1.1f")  
[3.308s] -- Found FastRTPS: /opt/ros/foxy/include  
[4.685s] -- Using all available rosidl_typesupport_cpp: rosidl_typesupport_fastrtps_cpp;rosidl_typesupport_introspection_cpp
[4.763s] -- Found rmw_implementation_cmake: 1.0.4 (/opt/ros/foxy/share/rmw_implementation_cmake/cmake)
[4.764s] -- Using RMW implementation 'rmw_fastrtps_cpp' as default
[4.765s] -- Looking for pthread.h
[4.887s] -- Looking for pthread.h - found
[4.887s] -- Performing Test CMAKE_HAVE_LIBC_PTHREAD
[5.006s] -- Performing Test CMAKE_HAVE_LIBC_PTHREAD - Failed
[5.006s] -- Looking for pthread_create in pthreads
[5.100s] -- Looking for pthread_create in pthreads - not found
[5.100s] -- Looking for pthread_create in pthread
[5.216s] -- Looking for pthread_create in pthread - found
[5.217s] -- Found Threads: TRUE  
[5.342s] CMake Error: File /home/linux/ros2_ws/src/pub1/package.xml does not exist.
[5.342s] CMake Error at /opt/ros/foxy/share/ament_cmake_core/cmake/core/stamp.cmake:24 (configure_file):
[5.342s]   configure_file Problem configuring file
[5.342s] Call Stack (most recent call first):
[5.342s]   /opt/ros/foxy/share/ament_cmake_core/cmake/core/ament_package_xml.cmake:73 (stamp)
[5.342s]   /opt/ros/foxy/share/ament_cmake_core/cmake/core/ament_package_xml.cmake:49 (_ament_package_xml)
[5.342s]   /opt/ros/foxy/share/ament_cmake_core/cmake/core/ament_package.cmake:63 (ament_package_xml)
[5.342s]   CMakeLists.txt:21 (ament_package)
[5.342s] 
[5.342s] 
[5.346s] -- Configuring incomplete, errors occurred!
[5.346s] See also "/home/linux/ros2_ws/build/pub1/CMakeFiles/CMakeOutput.log".
[5.346s] See also "/home/linux/ros2_ws/build/pub1/CMakeFiles/CMakeError.log".
[5.354s] Invoked command in '/home/linux/ros2_ws/build/pub1' returned '1': /usr/bin/cmake /home/linux/ros2_ws/src/pub1 -DCMAKE_INSTALL_PREFIX=/home/linux/ros2_ws/install/pub1
