[0.011s] Invoking command in '/home/linux/ros2_ws/build/pub1_1': CMAKE_PREFIX_PATH=${CMAKE_PREFIX_PATH}:/opt/ros/foxy /usr/bin/cmake /home/linux/ros2_ws/src/pub1_1 -DAMENT_CMAKE_SYMLINK_INSTALL=1 -DCMAKE_INSTALL_PREFIX=/home/linux/ros2_ws/install/pub1_1
[0.021s] -- Found ament_cmake: 0.9.12 (/opt/ros/foxy/share/ament_cmake/cmake)
[0.038s] -- Using PYTHON_EXECUTABLE: /usr/bin/python3
[0.175s] -- Override CMake install command with custom implementation using symlinks instead of copying resources
[0.181s] -- Found rclcpp: 2.4.3 (/opt/ros/foxy/share/rclcpp/cmake)
[0.293s] -- Using all available rosidl_typesupport_c: rosidl_typesupport_fastrtps_c;rosidl_typesupport_introspection_c
[0.296s] -- Found rosidl_adapter: 1.3.1 (/opt/ros/foxy/share/rosidl_adapter/cmake)
[2.755s] -- Using all available rosidl_typesupport_cpp: rosidl_typesupport_fastrtps_cpp;rosidl_typesupport_introspection_cpp
[2.795s] -- Found rmw_implementation_cmake: 1.0.4 (/opt/ros/foxy/share/rmw_implementation_cmake/cmake)
[2.796s] -- Using RMW implementation 'rmw_fastrtps_cpp' as default
[2.963s] -- Configuring done
[2.963s] CMake Error at CMakeLists.txt:15 (add_executable):
[2.963s]   Cannot find source file:
[2.963s] 
[2.963s]     src/pub1.cpp
[2.964s] 
[2.964s]   Tried extensions .c .C .c++ .cc .cpp .cxx .cu .m .M .mm .h .hh .h++ .hm
[2.964s]   .hpp .hxx .in .txx
[2.964s] 
[2.964s] 
[2.964s] CMake Error at CMakeLists.txt:15 (add_executable):
[2.964s]   No SOURCES given to target: pub1
[2.964s] 
[2.964s] 
[2.964s] CMake Generate step failed.  Build files cannot be regenerated correctly.
[2.969s] Invoked command in '/home/linux/ros2_ws/build/pub1_1' returned '1': CMAKE_PREFIX_PATH=${CMAKE_PREFIX_PATH}:/opt/ros/foxy /usr/bin/cmake /home/linux/ros2_ws/src/pub1_1 -DAMENT_CMAKE_SYMLINK_INSTALL=1 -DCMAKE_INSTALL_PREFIX=/home/linux/ros2_ws/install/pub1_1
