[35m[1mScanning dependencies of target pub[0m
[35m[1mScanning dependencies of target sub[0m
[ 50%] [32mBuilding CXX object CMakeFiles/pub.dir/src/pub.cpp.o[0m
[ 50%] [32mBuilding CXX object CMakeFiles/sub.dir/src/sub.cpp.o[0m
[ 75%] [32m[1mLinking CXX executable pub[0m
[ 75%] Built target pub
[100%] [32m[1mLinking CXX executable sub[0m
[100%] Built target sub
-- Install configuration: ""
-- Execute custom install script
-- Symlinking: /home/linux/ros2_ws/install/psub1/lib/psub1/pub
-- Symlinking: /home/linux/ros2_ws/install/psub1/lib/psub1/sub
-- Symlinking: /home/linux/ros2_ws/install/psub1/share/ament_index/resource_index/package_run_dependencies/psub1
-- Symlinking: /home/linux/ros2_ws/install/psub1/share/ament_index/resource_index/parent_prefix_path/psub1
-- Symlinking: /home/linux/ros2_ws/install/psub1/share/psub1/environment/ament_prefix_path.sh
-- Symlinking: /home/linux/ros2_ws/install/psub1/share/psub1/environment/ament_prefix_path.dsv
-- Symlinking: /home/linux/ros2_ws/install/psub1/share/psub1/environment/path.sh
-- Symlinking: /home/linux/ros2_ws/install/psub1/share/psub1/environment/path.dsv
-- Symlinking: /home/linux/ros2_ws/install/psub1/share/psub1/local_setup.bash
-- Symlinking: /home/linux/ros2_ws/install/psub1/share/psub1/local_setup.sh
-- Symlinking: /home/linux/ros2_ws/install/psub1/share/psub1/local_setup.zsh
-- Symlinking: /home/linux/ros2_ws/install/psub1/share/psub1/local_setup.dsv
-- Symlinking: /home/linux/ros2_ws/install/psub1/share/psub1/package.dsv
-- Symlinking: /home/linux/ros2_ws/install/psub1/share/ament_index/resource_index/packages/psub1
-- Symlinking: /home/linux/ros2_ws/install/psub1/share/psub1/cmake/psub1Config.cmake
-- Symlinking: /home/linux/ros2_ws/install/psub1/share/psub1/cmake/psub1Config-version.cmake
-- Symlinking: /home/linux/ros2_ws/install/psub1/share/psub1/package.xml
