[0.014s] Invoking command in '/home/linux/ros2_ws/build/teleop_twist_joy': CMAKE_PREFIX_PATH=/opt/ros/foxy /usr/bin/cmake /home/linux/ros2_ws/src/teleop_twist_joy -DAMENT_CMAKE_SYMLINK_INSTALL=1 -DCMAKE_INSTALL_PREFIX=/home/linux/ros2_ws/install/teleop_twist_joy
[0.324s] -- The C compiler identification is GNU 9.4.0
[0.599s] -- The CXX compiler identification is GNU 9.4.0
[0.661s] -- Check for working C compiler: /usr/bin/cc
[0.775s] -- Check for working C compiler: /usr/bin/cc -- works
[0.777s] -- Detecting C compiler ABI info
[0.886s] -- Detecting C compiler ABI info - done
[0.895s] -- Detecting C compile features
[0.896s] -- Detecting C compile features - done
[0.899s] -- Check for working CXX compiler: /usr/bin/c++
[1.012s] -- Check for working CXX compiler: /usr/bin/c++ -- works
[1.013s] -- Detecting CXX compiler ABI info
[1.115s] -- Detecting CXX compiler ABI info - done
[1.124s] -- Detecting CXX compile features
[1.124s] -- Detecting CXX compile features - done
[1.142s] -- Found ament_cmake: 0.9.12 (/opt/ros/foxy/share/ament_cmake/cmake)
[1.164s] -- Found PythonInterp: /usr/bin/python3 (found suitable version "3.8.10", minimum required is "3") 
[1.164s] -- Using PYTHON_EXECUTABLE: /usr/bin/python3
[1.298s] -- Override CMake install command with custom implementation using symlinks instead of copying resources
[1.328s] -- Found geometry_msgs: 2.0.5 (/opt/ros/foxy/share/geometry_msgs/cmake)
[1.436s] -- Using all available rosidl_typesupport_c: rosidl_typesupport_fastrtps_c;rosidl_typesupport_introspection_c
[1.445s] -- Found rosidl_adapter: 1.3.1 (/opt/ros/foxy/share/rosidl_adapter/cmake)
[1.996s] -- Found OpenSSL: /usr/lib/x86_64-linux-gnu/libcrypto.so (found version "1.1.1f")  
[2.517s] -- Found FastRTPS: /opt/ros/foxy/include  
[3.465s] -- Using all available rosidl_typesupport_cpp: rosidl_typesupport_fastrtps_cpp;rosidl_typesupport_introspection_cpp
[3.549s] -- Found rclcpp: 2.4.3 (/opt/ros/foxy/share/rclcpp/cmake)
[3.601s] -- Found rmw_implementation_cmake: 1.0.4 (/opt/ros/foxy/share/rmw_implementation_cmake/cmake)
[3.604s] -- Using RMW implementation 'rmw_fastrtps_cpp' as default
[3.606s] -- Looking for pthread.h
[3.729s] -- Looking for pthread.h - found
[3.729s] -- Performing Test CMAKE_HAVE_LIBC_PTHREAD
[3.831s] -- Performing Test CMAKE_HAVE_LIBC_PTHREAD - Failed
[3.831s] -- Looking for pthread_create in pthreads
[3.938s] -- Looking for pthread_create in pthreads - not found
[3.938s] -- Looking for pthread_create in pthread
[4.046s] -- Looking for pthread_create in pthread - found
[4.046s] -- Found Threads: TRUE  
[4.181s] -- Found rclcpp_components: 2.4.3 (/opt/ros/foxy/share/rclcpp_components/cmake)
[4.249s] -- Found sensor_msgs: 2.0.5 (/opt/ros/foxy/share/sensor_msgs/cmake)
[4.309s] -- Performing Test COMPILER_HAS_HIDDEN_VISIBILITY
[4.421s] -- Performing Test COMPILER_HAS_HIDDEN_VISIBILITY - Success
[4.422s] -- Performing Test COMPILER_HAS_HIDDEN_INLINE_VISIBILITY
[4.535s] -- Performing Test COMPILER_HAS_HIDDEN_INLINE_VISIBILITY - Success
[4.535s] -- Performing Test COMPILER_HAS_DEPRECATED_ATTR
[4.637s] -- Performing Test COMPILER_HAS_DEPRECATED_ATTR - Success
[4.642s] -- Found ament_lint_auto: 0.9.8 (/opt/ros/foxy/share/ament_lint_auto/cmake)
[5.144s] -- Found python_cmake_module: 0.8.1 (/opt/ros/foxy/share/python_cmake_module/cmake)
[5.159s] -- Found PythonInterp: /usr/bin/python3 (found suitable version "3.8.10", minimum required is "3.5") 
[5.341s] -- Found PythonLibs: /usr/lib/x86_64-linux-gnu/libpython3.8.so (found suitable version "3.8.10", minimum required is "3.5") 
[5.341s] -- Using PYTHON_EXECUTABLE: /usr/bin/python3
[5.341s] -- Using PYTHON_INCLUDE_DIRS: /usr/include/python3.8
[5.341s] -- Using PYTHON_LIBRARIES: /usr/lib/x86_64-linux-gnu/libpython3.8.so
[5.356s] -- Found PythonExtra: .so  
[5.788s] -- Added test 'cppcheck' to perform static code analysis on C / C++ code
[5.788s] -- Configured cppcheck include dirs: $<BUILD_INTERFACE:/home/linux/ros2_ws/src/teleop_twist_joy/include>
[5.788s] -- Configured cppcheck exclude dirs and/or files: 
[5.790s] -- Added test 'cpplint' to check C / C++ code against the Google style
[5.790s] -- Configured cpplint exclude dirs and/or files: 
[5.791s] -- Added test 'flake8' to check Python code syntax and style conventions
[5.792s] -- Added test 'lint_cmake' to check CMake code style
[5.793s] -- Added test 'pep257' to check Python code against some of the style conventions in PEP 257
[5.795s] -- Added test 'uncrustify' to check C / C++ code style
[5.795s] -- Configured uncrustify additional arguments: 
[5.796s] -- Added test 'xmllint' to check XML markup files
[5.802s] -- Configuring done
[5.804s] CMake Error at CMakeLists.txt:39 (add_executable):
[5.804s]   Target "teleop_twist_joy_node" links to target
[5.804s]   "rclcpp_components::component" but the target was not found.  Perhaps a
[5.804s]   find_package() call is missing for an IMPORTED target, or an ALIAS target
[5.804s]   is missing?
[5.804s] 
[5.804s] 
[5.804s] CMake Error at CMakeLists.txt:20 (add_library):
[5.804s]   Target "teleop_twist_joy" links to target "rclcpp_components::component"
[5.804s]   but the target was not found.  Perhaps a find_package() call is missing for
[5.804s]   an IMPORTED target, or an ALIAS target is missing?
[5.804s] 
[5.804s] 
[5.811s] -- Generating done
[5.812s] CMake Generate step failed.  Build files cannot be regenerated correctly.
[5.818s] Invoked command in '/home/linux/ros2_ws/build/teleop_twist_joy' returned '1': CMAKE_PREFIX_PATH=/opt/ros/foxy /usr/bin/cmake /home/linux/ros2_ws/src/teleop_twist_joy -DAMENT_CMAKE_SYMLINK_INSTALL=1 -DCMAKE_INSTALL_PREFIX=/home/linux/ros2_ws/install/teleop_twist_joy
