[35m[1mScanning dependencies of target pub[0m
[ 50%] Built target sub
[ 75%] [32mBuilding CXX object CMakeFiles/pub.dir/src/pub.cpp.o[0m
[100%] [32m[1mLinking CXX executable pub[0m
[100%] Built target pub
-- Install configuration: ""
-- Execute custom install script
-- Symlinking: /home/linux/ros2_ws/install/psub1_2/lib/psub1_2/pub
-- Symlinking: /home/linux/ros2_ws/install/psub1_2/lib/psub1_2/sub
-- Symlinking: /home/linux/ros2_ws/install/psub1_2/share/ament_index/resource_index/package_run_dependencies/psub1_2
-- Symlinking: /home/linux/ros2_ws/install/psub1_2/share/ament_index/resource_index/parent_prefix_path/psub1_2
-- Symlinking: /home/linux/ros2_ws/install/psub1_2/share/psub1_2/environment/ament_prefix_path.sh
-- Symlinking: /home/linux/ros2_ws/install/psub1_2/share/psub1_2/environment/ament_prefix_path.dsv
-- Symlinking: /home/linux/ros2_ws/install/psub1_2/share/psub1_2/environment/path.sh
-- Symlinking: /home/linux/ros2_ws/install/psub1_2/share/psub1_2/environment/path.dsv
-- Symlinking: /home/linux/ros2_ws/install/psub1_2/share/psub1_2/local_setup.bash
-- Symlinking: /home/linux/ros2_ws/install/psub1_2/share/psub1_2/local_setup.sh
-- Symlinking: /home/linux/ros2_ws/install/psub1_2/share/psub1_2/local_setup.zsh
-- Symlinking: /home/linux/ros2_ws/install/psub1_2/share/psub1_2/local_setup.dsv
-- Symlinking: /home/linux/ros2_ws/install/psub1_2/share/psub1_2/package.dsv
-- Symlinking: /home/linux/ros2_ws/install/psub1_2/share/ament_index/resource_index/packages/psub1_2
-- Symlinking: /home/linux/ros2_ws/install/psub1_2/share/psub1_2/cmake/psub1_2Config.cmake
-- Symlinking: /home/linux/ros2_ws/install/psub1_2/share/psub1_2/cmake/psub1_2Config-version.cmake
-- Symlinking: /home/linux/ros2_ws/install/psub1_2/share/psub1_2/package.xml
