[0.017s] Invoking command in '/home/linux/ros2_ws/build/pub1': CMAKE_PREFIX_PATH=/opt/ros/foxy /usr/bin/cmake /home/linux/ros2_ws/src/pub1 -DAMENT_CMAKE_SYMLINK_INSTALL=1 -DCMAKE_INSTALL_PREFIX=/home/linux/ros2_ws/install/pub1
[0.044s] -- Found ament_cmake: 0.9.12 (/opt/ros/foxy/share/ament_cmake/cmake)
[0.067s] -- Using PYTHON_EXECUTABLE: /usr/bin/python3
[0.220s] -- Override CMake install command with custom implementation using symlinks instead of copying resources
[0.248s] -- Found rclcpp: 2.4.3 (/opt/ros/foxy/share/rclcpp/cmake)
[0.409s] -- Using all available rosidl_typesupport_c: rosidl_typesupport_fastrtps_c;rosidl_typesupport_introspection_c
[0.415s] -- Found rosidl_adapter: 1.3.1 (/opt/ros/foxy/share/rosidl_adapter/cmake)
[3.117s] -- Using all available rosidl_typesupport_cpp: rosidl_typesupport_fastrtps_cpp;rosidl_typesupport_introspection_cpp
[3.211s] -- Found rmw_implementation_cmake: 1.0.4 (/opt/ros/foxy/share/rmw_implementation_cmake/cmake)
[3.214s] -- Using RMW implementation 'rmw_fastrtps_cpp' as default
[3.433s] -- Configuring done
[3.434s] CMake Error at CMakeLists.txt:15 (add_executable):
[3.434s]   Cannot find source file:
[3.434s] 
[3.434s]     src/pub1.cpp
[3.435s] 
[3.435s]   Tried extensions .c .C .c++ .cc .cpp .cxx .cu .m .M .mm .h .hh .h++ .hm
[3.435s]   .hpp .hxx .in .txx
[3.435s] 
[3.435s] 
[3.435s] CMake Error at CMakeLists.txt:15 (add_executable):
[3.435s]   No SOURCES given to target: pub1
[3.435s] 
[3.435s] 
[3.435s] CMake Generate step failed.  Build files cannot be regenerated correctly.
[3.443s] Invoked command in '/home/linux/ros2_ws/build/pub1' returned '1': CMAKE_PREFIX_PATH=/opt/ros/foxy /usr/bin/cmake /home/linux/ros2_ws/src/pub1 -DAMENT_CMAKE_SYMLINK_INSTALL=1 -DCMAKE_INSTALL_PREFIX=/home/linux/ros2_ws/install/pub1
