[0.022s] Invoking command in '/home/linux/ros2_ws/build/pub1_3': CMAKE_PREFIX_PATH=${CMAKE_PREFIX_PATH}:/opt/ros/foxy /usr/bin/cmake /home/linux/ros2_ws/src/pub1_3 -DAMENT_CMAKE_SYMLINK_INSTALL=1 -DCMAKE_INSTALL_PREFIX=/home/linux/ros2_ws/install/pub1_3
[0.376s] -- The C compiler identification is GNU 9.4.0
[0.663s] -- The CXX compiler identification is GNU 9.4.0
[0.730s] -- Check for working C compiler: /usr/bin/cc
[0.857s] -- Check for working C compiler: /usr/bin/cc -- works
[0.858s] -- Detecting C compiler ABI info
[0.959s] -- Detecting C compiler ABI info - done
[0.968s] -- Detecting C compile features
[0.968s] -- Detecting C compile features - done
[0.972s] -- Check for working CXX compiler: /usr/bin/c++
[1.095s] -- Check for working CXX compiler: /usr/bin/c++ -- works
[1.096s] -- Detecting CXX compiler ABI info
[1.227s] -- Detecting CXX compiler ABI info - done
[1.236s] -- Detecting CXX compile features
[1.236s] -- Detecting CXX compile features - done
[1.249s] -- Found ament_cmake: 0.9.12 (/opt/ros/foxy/share/ament_cmake/cmake)
[1.290s] -- Found PythonInterp: /usr/bin/python3 (found suitable version "3.8.10", minimum required is "3") 
[1.291s] -- Using PYTHON_EXECUTABLE: /usr/bin/python3
[1.597s] -- Override CMake install command with custom implementation using symlinks instead of copying resources
[1.628s] -- Found rclcpp: 2.4.3 (/opt/ros/foxy/share/rclcpp/cmake)
[1.760s] -- Using all available rosidl_typesupport_c: rosidl_typesupport_fastrtps_c;rosidl_typesupport_introspection_c
[1.769s] -- Found rosidl_adapter: 1.3.1 (/opt/ros/foxy/share/rosidl_adapter/cmake)
[2.300s] -- Found OpenSSL: /usr/lib/x86_64-linux-gnu/libcrypto.so (found version "1.1.1f")  
[2.802s] -- Found FastRTPS: /opt/ros/foxy/include  
[3.737s] -- Using all available rosidl_typesupport_cpp: rosidl_typesupport_fastrtps_cpp;rosidl_typesupport_introspection_cpp
[3.803s] -- Found rmw_implementation_cmake: 1.0.4 (/opt/ros/foxy/share/rmw_implementation_cmake/cmake)
[3.805s] -- Using RMW implementation 'rmw_fastrtps_cpp' as default
[3.808s] -- Looking for pthread.h
[3.931s] -- Looking for pthread.h - found
[3.931s] -- Performing Test CMAKE_HAVE_LIBC_PTHREAD
[4.048s] -- Performing Test CMAKE_HAVE_LIBC_PTHREAD - Failed
[4.048s] -- Looking for pthread_create in pthreads
[4.153s] -- Looking for pthread_create in pthreads - not found
[4.153s] -- Looking for pthread_create in pthread
[4.252s] -- Looking for pthread_create in pthread - found
[4.252s] -- Found Threads: TRUE  
[4.395s] -- Found geometry_msgs: 2.0.5 (/opt/ros/foxy/share/geometry_msgs/cmake)
[4.482s] -- Configuring done
[4.489s] -- Generating done
[4.491s] -- Build files have been written to: /home/linux/ros2_ws/build/pub1_3
[4.497s] Invoked command in '/home/linux/ros2_ws/build/pub1_3' returned '0': CMAKE_PREFIX_PATH=${CMAKE_PREFIX_PATH}:/opt/ros/foxy /usr/bin/cmake /home/linux/ros2_ws/src/pub1_3 -DAMENT_CMAKE_SYMLINK_INSTALL=1 -DCMAKE_INSTALL_PREFIX=/home/linux/ros2_ws/install/pub1_3
[4.500s] Invoking command in '/home/linux/ros2_ws/build/pub1_3': CMAKE_PREFIX_PATH=${CMAKE_PREFIX_PATH}:/opt/ros/foxy /usr/bin/cmake --build /home/linux/ros2_ws/build/pub1_3 -- -j16 -l16
[4.527s] [35m[1mScanning dependencies of target pub1_3[0m
[4.651s] [ 50%] [32mBuilding CXX object CMakeFiles/pub1_3.dir/src/pub1_3.cpp.o[0m
[6.833s] [100%] [32m[1mLinking CXX executable pub1_3[0m
[7.029s] [100%] Built target pub1_3
[7.037s] Invoked command in '/home/linux/ros2_ws/build/pub1_3' returned '0': CMAKE_PREFIX_PATH=${CMAKE_PREFIX_PATH}:/opt/ros/foxy /usr/bin/cmake --build /home/linux/ros2_ws/build/pub1_3 -- -j16 -l16
[7.046s] Invoking command in '/home/linux/ros2_ws/build/pub1_3': CMAKE_PREFIX_PATH=${CMAKE_PREFIX_PATH}:/opt/ros/foxy /usr/bin/cmake --install /home/linux/ros2_ws/build/pub1_3
[7.053s] -- Install configuration: ""
[7.053s] -- Execute custom install script
[7.054s] -- Symlinking: /home/linux/ros2_ws/install/pub1_3/lib/pub1_3/pub1_3
[7.061s] -- Symlinking: /home/linux/ros2_ws/install/pub1_3/share/ament_index/resource_index/package_run_dependencies/pub1_3
[7.067s] -- Symlinking: /home/linux/ros2_ws/install/pub1_3/share/ament_index/resource_index/parent_prefix_path/pub1_3
[7.074s] -- Symlinking: /home/linux/ros2_ws/install/pub1_3/share/pub1_3/environment/ament_prefix_path.sh
[7.080s] -- Symlinking: /home/linux/ros2_ws/install/pub1_3/share/pub1_3/environment/ament_prefix_path.dsv
[7.087s] -- Symlinking: /home/linux/ros2_ws/install/pub1_3/share/pub1_3/environment/path.sh
[7.093s] -- Symlinking: /home/linux/ros2_ws/install/pub1_3/share/pub1_3/environment/path.dsv
[7.099s] -- Symlinking: /home/linux/ros2_ws/install/pub1_3/share/pub1_3/local_setup.bash
[7.106s] -- Symlinking: /home/linux/ros2_ws/install/pub1_3/share/pub1_3/local_setup.sh
[7.113s] -- Symlinking: /home/linux/ros2_ws/install/pub1_3/share/pub1_3/local_setup.zsh
[7.120s] -- Symlinking: /home/linux/ros2_ws/install/pub1_3/share/pub1_3/local_setup.dsv
[7.127s] -- Symlinking: /home/linux/ros2_ws/install/pub1_3/share/pub1_3/package.dsv
[7.134s] -- Symlinking: /home/linux/ros2_ws/install/pub1_3/share/ament_index/resource_index/packages/pub1_3
[7.141s] -- Symlinking: /home/linux/ros2_ws/install/pub1_3/share/pub1_3/cmake/pub1_3Config.cmake
[7.147s] -- Symlinking: /home/linux/ros2_ws/install/pub1_3/share/pub1_3/cmake/pub1_3Config-version.cmake
[7.153s] -- Symlinking: /home/linux/ros2_ws/install/pub1_3/share/pub1_3/package.xml
[7.161s] Invoked command in '/home/linux/ros2_ws/build/pub1_3' returned '0': CMAKE_PREFIX_PATH=${CMAKE_PREFIX_PATH}:/opt/ros/foxy /usr/bin/cmake --install /home/linux/ros2_ws/build/pub1_3
