[0.009s] Invoking command in '/home/linux/ros2_ws/build/psub1_2': CMAKE_PREFIX_PATH=${CMAKE_PREFIX_PATH}:/opt/ros/foxy /usr/bin/cmake --build /home/linux/ros2_ws/build/psub1_2 -- -j16 -l16
[0.039s] [35m[1mScanning dependencies of target sub[0m
[0.051s] [ 50%] Built target pub
[0.056s] [ 75%] [32mBuilding CXX object CMakeFiles/sub.dir/src/sub.cpp.o[0m
[3.500s] [100%] [32m[1mLinking CXX executable sub[0m
[3.691s] [100%] Built target sub
[3.702s] Invoked command in '/home/linux/ros2_ws/build/psub1_2' returned '0': CMAKE_PREFIX_PATH=${CMAKE_PREFIX_PATH}:/opt/ros/foxy /usr/bin/cmake --build /home/linux/ros2_ws/build/psub1_2 -- -j16 -l16
[3.710s] Invoking command in '/home/linux/ros2_ws/build/psub1_2': CMAKE_PREFIX_PATH=${CMAKE_PREFIX_PATH}:/opt/ros/foxy /usr/bin/cmake --install /home/linux/ros2_ws/build/psub1_2
[3.716s] -- Install configuration: ""
[3.716s] -- Execute custom install script
[3.716s] -- Up-to-date symlink: /home/linux/ros2_ws/install/psub1_2/lib/psub1_2/pub
[3.716s] -- Up-to-date symlink: /home/linux/ros2_ws/install/psub1_2/lib/psub1_2/sub
[3.717s] -- Up-to-date symlink: /home/linux/ros2_ws/install/psub1_2/share/ament_index/resource_index/package_run_dependencies/psub1_2
[3.717s] -- Up-to-date symlink: /home/linux/ros2_ws/install/psub1_2/share/ament_index/resource_index/parent_prefix_path/psub1_2
[3.717s] -- Up-to-date symlink: /home/linux/ros2_ws/install/psub1_2/share/psub1_2/environment/ament_prefix_path.sh
[3.717s] -- Up-to-date symlink: /home/linux/ros2_ws/install/psub1_2/share/psub1_2/environment/ament_prefix_path.dsv
[3.717s] -- Up-to-date symlink: /home/linux/ros2_ws/install/psub1_2/share/psub1_2/environment/path.sh
[3.717s] -- Up-to-date symlink: /home/linux/ros2_ws/install/psub1_2/share/psub1_2/environment/path.dsv
[3.718s] -- Up-to-date symlink: /home/linux/ros2_ws/install/psub1_2/share/psub1_2/local_setup.bash
[3.718s] -- Up-to-date symlink: /home/linux/ros2_ws/install/psub1_2/share/psub1_2/local_setup.sh
[3.718s] -- Up-to-date symlink: /home/linux/ros2_ws/install/psub1_2/share/psub1_2/local_setup.zsh
[3.718s] -- Up-to-date symlink: /home/linux/ros2_ws/install/psub1_2/share/psub1_2/local_setup.dsv
[3.718s] -- Symlinking: /home/linux/ros2_ws/install/psub1_2/share/psub1_2/package.dsv
[3.725s] -- Up-to-date symlink: /home/linux/ros2_ws/install/psub1_2/share/ament_index/resource_index/packages/psub1_2
[3.725s] -- Up-to-date symlink: /home/linux/ros2_ws/install/psub1_2/share/psub1_2/cmake/psub1_2Config.cmake
[3.726s] -- Up-to-date symlink: /home/linux/ros2_ws/install/psub1_2/share/psub1_2/cmake/psub1_2Config-version.cmake
[3.726s] -- Up-to-date symlink: /home/linux/ros2_ws/install/psub1_2/share/psub1_2/package.xml
[3.728s] Invoked command in '/home/linux/ros2_ws/build/psub1_2' returned '0': CMAKE_PREFIX_PATH=${CMAKE_PREFIX_PATH}:/opt/ros/foxy /usr/bin/cmake --install /home/linux/ros2_ws/build/psub1_2
