[0.015s] Invoking command in '/home/linux/ros2_ws/build/psub1_1': CMAKE_PREFIX_PATH=${CMAKE_PREFIX_PATH}:/opt/ros/foxy /usr/bin/cmake /home/linux/ros2_ws/src/psub1_1 -DAMENT_CMAKE_SYMLINK_INSTALL=1 -DCMAKE_INSTALL_PREFIX=/home/linux/ros2_ws/install/psub1_1
[0.345s] -- The C compiler identification is GNU 9.4.0
[0.616s] -- The CXX compiler identification is GNU 9.4.0
[0.677s] -- Check for working C compiler: /usr/bin/cc
[0.803s] -- Check for working C compiler: /usr/bin/cc -- works
[0.804s] -- Detecting C compiler ABI info
[0.901s] -- Detecting C compiler ABI info - done
[0.910s] -- Detecting C compile features
[0.910s] -- Detecting C compile features - done
[0.913s] -- Check for working CXX compiler: /usr/bin/c++
[1.027s] -- Check for working CXX compiler: /usr/bin/c++ -- works
[1.027s] -- Detecting CXX compiler ABI info
[1.141s] -- Detecting CXX compiler ABI info - done
[1.150s] -- Detecting CXX compile features
[1.150s] -- Detecting CXX compile features - done
[1.165s] -- Found ament_cmake: 0.9.12 (/opt/ros/foxy/share/ament_cmake/cmake)
[1.189s] -- Found PythonInterp: /usr/bin/python3 (found suitable version "3.8.10", minimum required is "3") 
[1.189s] -- Using PYTHON_EXECUTABLE: /usr/bin/python3
[1.321s] -- Override CMake install command with custom implementation using symlinks instead of copying resources
[1.354s] -- Found rclcpp: 2.4.3 (/opt/ros/foxy/share/rclcpp/cmake)
[1.478s] -- Using all available rosidl_typesupport_c: rosidl_typesupport_fastrtps_c;rosidl_typesupport_introspection_c
[1.486s] -- Found rosidl_adapter: 1.3.1 (/opt/ros/foxy/share/rosidl_adapter/cmake)
[1.986s] -- Found OpenSSL: /usr/lib/x86_64-linux-gnu/libcrypto.so (found version "1.1.1f")  
[2.460s] -- Found FastRTPS: /opt/ros/foxy/include  
[3.354s] -- Using all available rosidl_typesupport_cpp: rosidl_typesupport_fastrtps_cpp;rosidl_typesupport_introspection_cpp
[3.418s] -- Found rmw_implementation_cmake: 1.0.4 (/opt/ros/foxy/share/rmw_implementation_cmake/cmake)
[3.421s] -- Using RMW implementation 'rmw_fastrtps_cpp' as default
[3.424s] -- Looking for pthread.h
[3.539s] -- Looking for pthread.h - found
[3.539s] -- Performing Test CMAKE_HAVE_LIBC_PTHREAD
[3.653s] -- Performing Test CMAKE_HAVE_LIBC_PTHREAD - Failed
[3.653s] -- Looking for pthread_create in pthreads
[3.752s] -- Looking for pthread_create in pthreads - not found
[3.752s] -- Looking for pthread_create in pthread
[3.857s] -- Looking for pthread_create in pthread - found
[3.858s] -- Found Threads: TRUE  
[4.055s] -- Configuring done
[4.063s] -- Generating done
[4.066s] -- Build files have been written to: /home/linux/ros2_ws/build/psub1_1
[4.071s] Invoked command in '/home/linux/ros2_ws/build/psub1_1' returned '0': CMAKE_PREFIX_PATH=${CMAKE_PREFIX_PATH}:/opt/ros/foxy /usr/bin/cmake /home/linux/ros2_ws/src/psub1_1 -DAMENT_CMAKE_SYMLINK_INSTALL=1 -DCMAKE_INSTALL_PREFIX=/home/linux/ros2_ws/install/psub1_1
[4.073s] Invoking command in '/home/linux/ros2_ws/build/psub1_1': CMAKE_PREFIX_PATH=${CMAKE_PREFIX_PATH}:/opt/ros/foxy /usr/bin/cmake --build /home/linux/ros2_ws/build/psub1_1 -- -j16 -l16
[4.100s] [35m[1mScanning dependencies of target pub[0m
[4.100s] [35m[1mScanning dependencies of target sub[0m
[4.210s] [ 50%] [32mBuilding CXX object CMakeFiles/sub.dir/src/sub.cpp.o[0m
[4.210s] [ 50%] [32mBuilding CXX object CMakeFiles/pub.dir/src/pub.cpp.o[0m
[6.503s] [ 75%] [32m[1mLinking CXX executable pub[0m
[6.677s] [ 75%] Built target pub
[7.789s] [100%] [32m[1mLinking CXX executable sub[0m
[7.995s] [100%] Built target sub
[8.004s] Invoked command in '/home/linux/ros2_ws/build/psub1_1' returned '0': CMAKE_PREFIX_PATH=${CMAKE_PREFIX_PATH}:/opt/ros/foxy /usr/bin/cmake --build /home/linux/ros2_ws/build/psub1_1 -- -j16 -l16
[8.013s] Invoking command in '/home/linux/ros2_ws/build/psub1_1': CMAKE_PREFIX_PATH=${CMAKE_PREFIX_PATH}:/opt/ros/foxy /usr/bin/cmake --install /home/linux/ros2_ws/build/psub1_1
[8.018s] -- Install configuration: ""
[8.019s] -- Execute custom install script
[8.020s] -- Symlinking: /home/linux/ros2_ws/install/psub1_1/lib/psub1_1/pub
[8.027s] -- Symlinking: /home/linux/ros2_ws/install/psub1_1/lib/psub1_1/sub
[8.033s] -- Symlinking: /home/linux/ros2_ws/install/psub1_1/share/ament_index/resource_index/package_run_dependencies/psub1_1
[8.039s] -- Symlinking: /home/linux/ros2_ws/install/psub1_1/share/ament_index/resource_index/parent_prefix_path/psub1_1
[8.046s] -- Symlinking: /home/linux/ros2_ws/install/psub1_1/share/psub1_1/environment/ament_prefix_path.sh
[8.052s] -- Symlinking: /home/linux/ros2_ws/install/psub1_1/share/psub1_1/environment/ament_prefix_path.dsv
[8.059s] -- Symlinking: /home/linux/ros2_ws/install/psub1_1/share/psub1_1/environment/path.sh
[8.065s] -- Symlinking: /home/linux/ros2_ws/install/psub1_1/share/psub1_1/environment/path.dsv
[8.071s] -- Symlinking: /home/linux/ros2_ws/install/psub1_1/share/psub1_1/local_setup.bash
[8.077s] -- Symlinking: /home/linux/ros2_ws/install/psub1_1/share/psub1_1/local_setup.sh
[8.083s] -- Symlinking: /home/linux/ros2_ws/install/psub1_1/share/psub1_1/local_setup.zsh
[8.089s] -- Symlinking: /home/linux/ros2_ws/install/psub1_1/share/psub1_1/local_setup.dsv
[8.095s] -- Symlinking: /home/linux/ros2_ws/install/psub1_1/share/psub1_1/package.dsv
[8.101s] -- Symlinking: /home/linux/ros2_ws/install/psub1_1/share/ament_index/resource_index/packages/psub1_1
[8.108s] -- Symlinking: /home/linux/ros2_ws/install/psub1_1/share/psub1_1/cmake/psub1_1Config.cmake
[8.114s] -- Symlinking: /home/linux/ros2_ws/install/psub1_1/share/psub1_1/cmake/psub1_1Config-version.cmake
[8.120s] -- Symlinking: /home/linux/ros2_ws/install/psub1_1/share/psub1_1/package.xml
[8.127s] Invoked command in '/home/linux/ros2_ws/build/psub1_1' returned '0': CMAKE_PREFIX_PATH=${CMAKE_PREFIX_PATH}:/opt/ros/foxy /usr/bin/cmake --install /home/linux/ros2_ws/build/psub1_1
