[0.008s] Invoking command in '/home/linux/ros2_ws/build/psub1_2': CMAKE_PREFIX_PATH=${CMAKE_PREFIX_PATH}:/opt/ros/foxy /usr/bin/cmake --build /home/linux/ros2_ws/build/psub1_2 -- -j16 -l16
[0.038s] [35m[1mScanning dependencies of target pub[0m
[0.050s] [ 50%] Built target sub
[0.057s] [ 75%] [32mBuilding CXX object CMakeFiles/pub.dir/src/pub.cpp.o[0m
[2.139s] [100%] [32m[1mLinking CXX executable pub[0m
[2.293s] [100%] Built target pub
[2.301s] Invoked command in '/home/linux/ros2_ws/build/psub1_2' returned '0': CMAKE_PREFIX_PATH=${CMAKE_PREFIX_PATH}:/opt/ros/foxy /usr/bin/cmake --build /home/linux/ros2_ws/build/psub1_2 -- -j16 -l16
[2.311s] Invoking command in '/home/linux/ros2_ws/build/psub1_2': CMAKE_PREFIX_PATH=${CMAKE_PREFIX_PATH}:/opt/ros/foxy /usr/bin/cmake --install /home/linux/ros2_ws/build/psub1_2
[2.316s] -- Install configuration: ""
[2.316s] -- Execute custom install script
[2.316s] -- Up-to-date symlink: /home/linux/ros2_ws/install/psub1_2/lib/psub1_2/pub
[2.317s] -- Up-to-date symlink: /home/linux/ros2_ws/install/psub1_2/lib/psub1_2/sub
[2.317s] -- Up-to-date symlink: /home/linux/ros2_ws/install/psub1_2/share/ament_index/resource_index/package_run_dependencies/psub1_2
[2.317s] -- Up-to-date symlink: /home/linux/ros2_ws/install/psub1_2/share/ament_index/resource_index/parent_prefix_path/psub1_2
[2.317s] -- Up-to-date symlink: /home/linux/ros2_ws/install/psub1_2/share/psub1_2/environment/ament_prefix_path.sh
[2.317s] -- Up-to-date symlink: /home/linux/ros2_ws/install/psub1_2/share/psub1_2/environment/ament_prefix_path.dsv
[2.318s] -- Up-to-date symlink: /home/linux/ros2_ws/install/psub1_2/share/psub1_2/environment/path.sh
[2.318s] -- Up-to-date symlink: /home/linux/ros2_ws/install/psub1_2/share/psub1_2/environment/path.dsv
[2.318s] -- Up-to-date symlink: /home/linux/ros2_ws/install/psub1_2/share/psub1_2/local_setup.bash
[2.318s] -- Up-to-date symlink: /home/linux/ros2_ws/install/psub1_2/share/psub1_2/local_setup.sh
[2.319s] -- Up-to-date symlink: /home/linux/ros2_ws/install/psub1_2/share/psub1_2/local_setup.zsh
[2.319s] -- Up-to-date symlink: /home/linux/ros2_ws/install/psub1_2/share/psub1_2/local_setup.dsv
[2.319s] -- Symlinking: /home/linux/ros2_ws/install/psub1_2/share/psub1_2/package.dsv
[2.325s] -- Up-to-date symlink: /home/linux/ros2_ws/install/psub1_2/share/ament_index/resource_index/packages/psub1_2
[2.325s] -- Up-to-date symlink: /home/linux/ros2_ws/install/psub1_2/share/psub1_2/cmake/psub1_2Config.cmake
[2.326s] -- Up-to-date symlink: /home/linux/ros2_ws/install/psub1_2/share/psub1_2/cmake/psub1_2Config-version.cmake
[2.326s] -- Up-to-date symlink: /home/linux/ros2_ws/install/psub1_2/share/psub1_2/package.xml
[2.328s] Invoked command in '/home/linux/ros2_ws/build/psub1_2' returned '0': CMAKE_PREFIX_PATH=${CMAKE_PREFIX_PATH}:/opt/ros/foxy /usr/bin/cmake --install /home/linux/ros2_ws/build/psub1_2
