[35m[1mScanning dependencies of target pub1_1[0m
[ 50%] [32mBuilding CXX object CMakeFiles/pub1_1.dir/src/pub1_1.cpp.o[0m
[100%] [32m[1mLinking CXX executable pub1_1[0m
[100%] Built target pub1_1
-- Install configuration: ""
-- Execute custom install script
-- Symlinking: /home/linux/ros2_ws/install/pub1_1/lib/pub1_1/pub1_1
-- Symlinking: /home/linux/ros2_ws/install/pub1_1/share/ament_index/resource_index/package_run_dependencies/pub1_1
-- Symlinking: /home/linux/ros2_ws/install/pub1_1/share/ament_index/resource_index/parent_prefix_path/pub1_1
-- Symlinking: /home/linux/ros2_ws/install/pub1_1/share/pub1_1/environment/ament_prefix_path.sh
-- Symlinking: /home/linux/ros2_ws/install/pub1_1/share/pub1_1/environment/ament_prefix_path.dsv
-- Symlinking: /home/linux/ros2_ws/install/pub1_1/share/pub1_1/environment/path.sh
-- Symlinking: /home/linux/ros2_ws/install/pub1_1/share/pub1_1/environment/path.dsv
-- Symlinking: /home/linux/ros2_ws/install/pub1_1/share/pub1_1/local_setup.bash
-- Symlinking: /home/linux/ros2_ws/install/pub1_1/share/pub1_1/local_setup.sh
-- Symlinking: /home/linux/ros2_ws/install/pub1_1/share/pub1_1/local_setup.zsh
-- Symlinking: /home/linux/ros2_ws/install/pub1_1/share/pub1_1/local_setup.dsv
-- Symlinking: /home/linux/ros2_ws/install/pub1_1/share/pub1_1/package.dsv
-- Symlinking: /home/linux/ros2_ws/install/pub1_1/share/ament_index/resource_index/packages/pub1_1
-- Symlinking: /home/linux/ros2_ws/install/pub1_1/share/pub1_1/cmake/pub1_1Config.cmake
-- Symlinking: /home/linux/ros2_ws/install/pub1_1/share/pub1_1/cmake/pub1_1Config-version.cmake
-- Symlinking: /home/linux/ros2_ws/install/pub1_1/share/pub1_1/package.xml
