[0.368s] DEBUG:colcon:Command line arguments: ['/usr/bin/colcon', 'build', '--symlink-install', '--packages-select', 'psub1_2']
[0.368s] DEBUG:colcon:Parsed command line arguments: Namespace(allow_overriding=[], ament_cmake_args=None, base_paths=['.'], build_base='build', catkin_cmake_args=None, catkin_skip_building_tests=False, cmake_args=None, cmake_clean_cache=False, cmake_clean_first=False, cmake_force_configure=False, cmake_target=None, cmake_target_skip_unavailable=False, continue_on_error=False, event_handlers=None, executor='parallel', ignore_user_meta=False, install_base='install', log_base=None, log_level=None, main=<bound method BuildVerb.main of <colcon_core.verb.build.BuildVerb object at 0x7f058586bdc0>>, merge_install=False, metas=['./colcon.meta'], packages_above=None, packages_above_and_dependencies=None, packages_above_depth=None, packages_end=None, packages_ignore=None, packages_ignore_regex=None, packages_select=['psub1_2'], packages_select_build_failed=False, packages_select_by_dep=None, packages_select_regex=None, packages_select_test_failures=False, packages_skip=None, packages_skip_build_finished=False, packages_skip_by_dep=None, packages_skip_regex=None, packages_skip_test_passed=False, packages_skip_up_to=None, packages_start=None, packages_up_to=None, packages_up_to_regex=None, parallel_workers=16, paths=None, symlink_install=True, test_result_base=None, verb_extension=<colcon_core.verb.build.BuildVerb object at 0x7f058586bdc0>, verb_name='build', verb_parser=<colcon_defaults.argument_parser.defaults.DefaultArgumentsDecorator object at 0x7f058585fc70>)
[0.591s] Level 1:colcon.colcon_core.package_discovery:discover_packages(colcon_meta) check parameters
[0.591s] Level 1:colcon.colcon_core.package_discovery:discover_packages(recursive) check parameters
[0.591s] Level 1:colcon.colcon_core.package_discovery:discover_packages(ignore) check parameters
[0.591s] Level 1:colcon.colcon_core.package_discovery:discover_packages(path) check parameters
[0.591s] Level 1:colcon.colcon_core.package_discovery:discover_packages(colcon_meta) discover
[0.591s] Level 1:colcon.colcon_core.package_discovery:discover_packages(recursive) discover
[0.591s] INFO:colcon.colcon_core.package_discovery:Crawling recursively for packages in '/home/linux/ros2_ws'
[0.591s] Level 1:colcon.colcon_core.package_identification:_identify(.) by extensions ['ignore', 'ignore_ament_install']
[0.591s] Level 1:colcon.colcon_core.package_identification:_identify(.) by extension 'ignore'
[0.591s] Level 1:colcon.colcon_core.package_identification:_identify(.) by extension 'ignore_ament_install'
[0.591s] Level 1:colcon.colcon_core.package_identification:_identify(.) by extensions ['colcon_pkg']
[0.592s] Level 1:colcon.colcon_core.package_identification:_identify(.) by extension 'colcon_pkg'
[0.592s] Level 1:colcon.colcon_core.package_identification:_identify(.) by extensions ['colcon_meta']
[0.592s] Level 1:colcon.colcon_core.package_identification:_identify(.) by extension 'colcon_meta'
[0.592s] Level 1:colcon.colcon_core.package_identification:_identify(.) by extensions ['ros']
[0.592s] Level 1:colcon.colcon_core.package_identification:_identify(.) by extension 'ros'
[0.606s] Level 1:colcon.colcon_core.package_identification:_identify(.) by extensions ['cmake', 'python']
[0.606s] Level 1:colcon.colcon_core.package_identification:_identify(.) by extension 'cmake'
[0.606s] Level 1:colcon.colcon_core.package_identification:_identify(.) by extension 'python'
[0.606s] Level 1:colcon.colcon_core.package_identification:_identify(.) by extensions ['python_setup_py']
[0.606s] Level 1:colcon.colcon_core.package_identification:_identify(.) by extension 'python_setup_py'
[0.606s] Level 1:colcon.colcon_core.package_identification:_identify(build) by extensions ['ignore', 'ignore_ament_install']
[0.606s] Level 1:colcon.colcon_core.package_identification:_identify(build) by extension 'ignore'
[0.606s] Level 1:colcon.colcon_core.package_identification:_identify(build) ignored
[0.607s] Level 1:colcon.colcon_core.package_identification:_identify(install) by extensions ['ignore', 'ignore_ament_install']
[0.607s] Level 1:colcon.colcon_core.package_identification:_identify(install) by extension 'ignore'
[0.607s] Level 1:colcon.colcon_core.package_identification:_identify(install) ignored
[0.607s] Level 1:colcon.colcon_core.package_identification:_identify(log) by extensions ['ignore', 'ignore_ament_install']
[0.607s] Level 1:colcon.colcon_core.package_identification:_identify(log) by extension 'ignore'
[0.607s] Level 1:colcon.colcon_core.package_identification:_identify(log) ignored
[0.607s] Level 1:colcon.colcon_core.package_identification:_identify(src) by extensions ['ignore', 'ignore_ament_install']
[0.607s] Level 1:colcon.colcon_core.package_identification:_identify(src) by extension 'ignore'
[0.607s] Level 1:colcon.colcon_core.package_identification:_identify(src) by extension 'ignore_ament_install'
[0.607s] Level 1:colcon.colcon_core.package_identification:_identify(src) by extensions ['colcon_pkg']
[0.607s] Level 1:colcon.colcon_core.package_identification:_identify(src) by extension 'colcon_pkg'
[0.607s] Level 1:colcon.colcon_core.package_identification:_identify(src) by extensions ['colcon_meta']
[0.607s] Level 1:colcon.colcon_core.package_identification:_identify(src) by extension 'colcon_meta'
[0.607s] Level 1:colcon.colcon_core.package_identification:_identify(src) by extensions ['ros']
[0.607s] Level 1:colcon.colcon_core.package_identification:_identify(src) by extension 'ros'
[0.607s] Level 1:colcon.colcon_core.package_identification:_identify(src) by extensions ['cmake', 'python']
[0.608s] Level 1:colcon.colcon_core.package_identification:_identify(src) by extension 'cmake'
[0.608s] Level 1:colcon.colcon_core.package_identification:_identify(src) by extension 'python'
[0.608s] Level 1:colcon.colcon_core.package_identification:_identify(src) by extensions ['python_setup_py']
[0.608s] Level 1:colcon.colcon_core.package_identification:_identify(src) by extension 'python_setup_py'
[0.608s] Level 1:colcon.colcon_core.package_identification:_identify(src/build) by extensions ['ignore', 'ignore_ament_install']
[0.608s] Level 1:colcon.colcon_core.package_identification:_identify(src/build) by extension 'ignore'
[0.608s] Level 1:colcon.colcon_core.package_identification:_identify(src/build) ignored
[0.608s] Level 1:colcon.colcon_core.package_identification:_identify(src/first_pkg) by extensions ['ignore', 'ignore_ament_install']
[0.608s] Level 1:colcon.colcon_core.package_identification:_identify(src/first_pkg) by extension 'ignore'
[0.608s] Level 1:colcon.colcon_core.package_identification:_identify(src/first_pkg) by extension 'ignore_ament_install'
[0.608s] Level 1:colcon.colcon_core.package_identification:_identify(src/first_pkg) by extensions ['colcon_pkg']
[0.608s] Level 1:colcon.colcon_core.package_identification:_identify(src/first_pkg) by extension 'colcon_pkg'
[0.608s] Level 1:colcon.colcon_core.package_identification:_identify(src/first_pkg) by extensions ['colcon_meta']
[0.608s] Level 1:colcon.colcon_core.package_identification:_identify(src/first_pkg) by extension 'colcon_meta'
[0.608s] Level 1:colcon.colcon_core.package_identification:_identify(src/first_pkg) by extensions ['ros']
[0.608s] Level 1:colcon.colcon_core.package_identification:_identify(src/first_pkg) by extension 'ros'
[0.611s] DEBUG:colcon.colcon_core.package_identification:Package 'src/first_pkg' with type 'ros.ament_cmake' and name 'first_pkg'
[0.611s] Level 1:colcon.colcon_core.package_identification:_identify(src/install) by extensions ['ignore', 'ignore_ament_install']
[0.611s] Level 1:colcon.colcon_core.package_identification:_identify(src/install) by extension 'ignore'
[0.612s] Level 1:colcon.colcon_core.package_identification:_identify(src/install) ignored
[0.612s] Level 1:colcon.colcon_core.package_identification:_identify(src/log) by extensions ['ignore', 'ignore_ament_install']
[0.612s] Level 1:colcon.colcon_core.package_identification:_identify(src/log) by extension 'ignore'
[0.612s] Level 1:colcon.colcon_core.package_identification:_identify(src/log) ignored
[0.612s] Level 1:colcon.colcon_core.package_identification:_identify(src/psub1) by extensions ['ignore', 'ignore_ament_install']
[0.612s] Level 1:colcon.colcon_core.package_identification:_identify(src/psub1) by extension 'ignore'
[0.612s] Level 1:colcon.colcon_core.package_identification:_identify(src/psub1) by extension 'ignore_ament_install'
[0.612s] Level 1:colcon.colcon_core.package_identification:_identify(src/psub1) by extensions ['colcon_pkg']
[0.612s] Level 1:colcon.colcon_core.package_identification:_identify(src/psub1) by extension 'colcon_pkg'
[0.612s] Level 1:colcon.colcon_core.package_identification:_identify(src/psub1) by extensions ['colcon_meta']
[0.612s] Level 1:colcon.colcon_core.package_identification:_identify(src/psub1) by extension 'colcon_meta'
[0.612s] Level 1:colcon.colcon_core.package_identification:_identify(src/psub1) by extensions ['ros']
[0.612s] Level 1:colcon.colcon_core.package_identification:_identify(src/psub1) by extension 'ros'
[0.613s] DEBUG:colcon.colcon_core.package_identification:Package 'src/psub1' with type 'ros.ament_cmake' and name 'psub1'
[0.613s] Level 1:colcon.colcon_core.package_identification:_identify(src/psub1_1) by extensions ['ignore', 'ignore_ament_install']
[0.613s] Level 1:colcon.colcon_core.package_identification:_identify(src/psub1_1) by extension 'ignore'
[0.613s] Level 1:colcon.colcon_core.package_identification:_identify(src/psub1_1) by extension 'ignore_ament_install'
[0.613s] Level 1:colcon.colcon_core.package_identification:_identify(src/psub1_1) by extensions ['colcon_pkg']
[0.613s] Level 1:colcon.colcon_core.package_identification:_identify(src/psub1_1) by extension 'colcon_pkg'
[0.613s] Level 1:colcon.colcon_core.package_identification:_identify(src/psub1_1) by extensions ['colcon_meta']
[0.613s] Level 1:colcon.colcon_core.package_identification:_identify(src/psub1_1) by extension 'colcon_meta'
[0.614s] Level 1:colcon.colcon_core.package_identification:_identify(src/psub1_1) by extensions ['ros']
[0.614s] Level 1:colcon.colcon_core.package_identification:_identify(src/psub1_1) by extension 'ros'
[0.614s] DEBUG:colcon.colcon_core.package_identification:Package 'src/psub1_1' with type 'ros.ament_cmake' and name 'psub1_1'
[0.614s] Level 1:colcon.colcon_core.package_identification:_identify(src/psub1_2) by extensions ['ignore', 'ignore_ament_install']
[0.615s] Level 1:colcon.colcon_core.package_identification:_identify(src/psub1_2) by extension 'ignore'
[0.615s] Level 1:colcon.colcon_core.package_identification:_identify(src/psub1_2) by extension 'ignore_ament_install'
[0.615s] Level 1:colcon.colcon_core.package_identification:_identify(src/psub1_2) by extensions ['colcon_pkg']
[0.615s] Level 1:colcon.colcon_core.package_identification:_identify(src/psub1_2) by extension 'colcon_pkg'
[0.615s] Level 1:colcon.colcon_core.package_identification:_identify(src/psub1_2) by extensions ['colcon_meta']
[0.615s] Level 1:colcon.colcon_core.package_identification:_identify(src/psub1_2) by extension 'colcon_meta'
[0.615s] Level 1:colcon.colcon_core.package_identification:_identify(src/psub1_2) by extensions ['ros']
[0.615s] Level 1:colcon.colcon_core.package_identification:_identify(src/psub1_2) by extension 'ros'
[0.616s] DEBUG:colcon.colcon_core.package_identification:Package 'src/psub1_2' with type 'ros.ament_cmake' and name 'psub1_2'
[0.616s] Level 1:colcon.colcon_core.package_identification:_identify(src/pub1) by extensions ['ignore', 'ignore_ament_install']
[0.616s] Level 1:colcon.colcon_core.package_identification:_identify(src/pub1) by extension 'ignore'
[0.616s] Level 1:colcon.colcon_core.package_identification:_identify(src/pub1) by extension 'ignore_ament_install'
[0.616s] Level 1:colcon.colcon_core.package_identification:_identify(src/pub1) by extensions ['colcon_pkg']
[0.616s] Level 1:colcon.colcon_core.package_identification:_identify(src/pub1) by extension 'colcon_pkg'
[0.616s] Level 1:colcon.colcon_core.package_identification:_identify(src/pub1) by extensions ['colcon_meta']
[0.616s] Level 1:colcon.colcon_core.package_identification:_identify(src/pub1) by extension 'colcon_meta'
[0.616s] Level 1:colcon.colcon_core.package_identification:_identify(src/pub1) by extensions ['ros']
[0.616s] Level 1:colcon.colcon_core.package_identification:_identify(src/pub1) by extension 'ros'
[0.617s] DEBUG:colcon.colcon_core.package_identification:Package 'src/pub1' with type 'ros.ament_cmake' and name 'pub1'
[0.617s] Level 1:colcon.colcon_core.package_identification:_identify(src/pub1_1) by extensions ['ignore', 'ignore_ament_install']
[0.617s] Level 1:colcon.colcon_core.package_identification:_identify(src/pub1_1) by extension 'ignore'
[0.617s] Level 1:colcon.colcon_core.package_identification:_identify(src/pub1_1) by extension 'ignore_ament_install'
[0.617s] Level 1:colcon.colcon_core.package_identification:_identify(src/pub1_1) by extensions ['colcon_pkg']
[0.617s] Level 1:colcon.colcon_core.package_identification:_identify(src/pub1_1) by extension 'colcon_pkg'
[0.618s] Level 1:colcon.colcon_core.package_identification:_identify(src/pub1_1) by extensions ['colcon_meta']
[0.618s] Level 1:colcon.colcon_core.package_identification:_identify(src/pub1_1) by extension 'colcon_meta'
[0.618s] Level 1:colcon.colcon_core.package_identification:_identify(src/pub1_1) by extensions ['ros']
[0.618s] Level 1:colcon.colcon_core.package_identification:_identify(src/pub1_1) by extension 'ros'
[0.618s] DEBUG:colcon.colcon_core.package_identification:Package 'src/pub1_1' with type 'ros.ament_cmake' and name 'pub1_1'
[0.618s] Level 1:colcon.colcon_core.package_identification:_identify(src/pub1_2) by extensions ['ignore', 'ignore_ament_install']
[0.619s] Level 1:colcon.colcon_core.package_identification:_identify(src/pub1_2) by extension 'ignore'
[0.619s] Level 1:colcon.colcon_core.package_identification:_identify(src/pub1_2) by extension 'ignore_ament_install'
[0.619s] Level 1:colcon.colcon_core.package_identification:_identify(src/pub1_2) by extensions ['colcon_pkg']
[0.619s] Level 1:colcon.colcon_core.package_identification:_identify(src/pub1_2) by extension 'colcon_pkg'
[0.619s] Level 1:colcon.colcon_core.package_identification:_identify(src/pub1_2) by extensions ['colcon_meta']
[0.619s] Level 1:colcon.colcon_core.package_identification:_identify(src/pub1_2) by extension 'colcon_meta'
[0.619s] Level 1:colcon.colcon_core.package_identification:_identify(src/pub1_2) by extensions ['ros']
[0.619s] Level 1:colcon.colcon_core.package_identification:_identify(src/pub1_2) by extension 'ros'
[0.620s] DEBUG:colcon.colcon_core.package_identification:Package 'src/pub1_2' with type 'ros.ament_cmake' and name 'pub1_2'
[0.620s] Level 1:colcon.colcon_core.package_identification:_identify(src/pub1_3) by extensions ['ignore', 'ignore_ament_install']
[0.620s] Level 1:colcon.colcon_core.package_identification:_identify(src/pub1_3) by extension 'ignore'
[0.621s] Level 1:colcon.colcon_core.package_identification:_identify(src/pub1_3) by extension 'ignore_ament_install'
[0.621s] Level 1:colcon.colcon_core.package_identification:_identify(src/pub1_3) by extensions ['colcon_pkg']
[0.621s] Level 1:colcon.colcon_core.package_identification:_identify(src/pub1_3) by extension 'colcon_pkg'
[0.621s] Level 1:colcon.colcon_core.package_identification:_identify(src/pub1_3) by extensions ['colcon_meta']
[0.621s] Level 1:colcon.colcon_core.package_identification:_identify(src/pub1_3) by extension 'colcon_meta'
[0.621s] Level 1:colcon.colcon_core.package_identification:_identify(src/pub1_3) by extensions ['ros']
[0.621s] Level 1:colcon.colcon_core.package_identification:_identify(src/pub1_3) by extension 'ros'
[0.621s] DEBUG:colcon.colcon_core.package_identification:Package 'src/pub1_3' with type 'ros.ament_cmake' and name 'pub1_3'
[0.621s] Level 1:colcon.colcon_core.package_identification:_identify(src/pub2) by extensions ['ignore', 'ignore_ament_install']
[0.622s] Level 1:colcon.colcon_core.package_identification:_identify(src/pub2) by extension 'ignore'
[0.622s] Level 1:colcon.colcon_core.package_identification:_identify(src/pub2) by extension 'ignore_ament_install'
[0.622s] Level 1:colcon.colcon_core.package_identification:_identify(src/pub2) by extensions ['colcon_pkg']
[0.622s] Level 1:colcon.colcon_core.package_identification:_identify(src/pub2) by extension 'colcon_pkg'
[0.622s] Level 1:colcon.colcon_core.package_identification:_identify(src/pub2) by extensions ['colcon_meta']
[0.622s] Level 1:colcon.colcon_core.package_identification:_identify(src/pub2) by extension 'colcon_meta'
[0.622s] Level 1:colcon.colcon_core.package_identification:_identify(src/pub2) by extensions ['ros']
[0.622s] Level 1:colcon.colcon_core.package_identification:_identify(src/pub2) by extension 'ros'
[0.623s] DEBUG:colcon.colcon_core.package_identification:Package 'src/pub2' with type 'ros.ament_cmake' and name 'pub2'
[0.623s] Level 1:colcon.colcon_core.package_identification:_identify(src/teleop_twist_joy) by extensions ['ignore', 'ignore_ament_install']
[0.623s] Level 1:colcon.colcon_core.package_identification:_identify(src/teleop_twist_joy) by extension 'ignore'
[0.623s] Level 1:colcon.colcon_core.package_identification:_identify(src/teleop_twist_joy) by extension 'ignore_ament_install'
[0.623s] Level 1:colcon.colcon_core.package_identification:_identify(src/teleop_twist_joy) by extensions ['colcon_pkg']
[0.623s] Level 1:colcon.colcon_core.package_identification:_identify(src/teleop_twist_joy) by extension 'colcon_pkg'
[0.623s] Level 1:colcon.colcon_core.package_identification:_identify(src/teleop_twist_joy) by extensions ['colcon_meta']
[0.623s] Level 1:colcon.colcon_core.package_identification:_identify(src/teleop_twist_joy) by extension 'colcon_meta'
[0.623s] Level 1:colcon.colcon_core.package_identification:_identify(src/teleop_twist_joy) by extensions ['ros']
[0.623s] Level 1:colcon.colcon_core.package_identification:_identify(src/teleop_twist_joy) by extension 'ros'
[0.624s] DEBUG:colcon.colcon_core.package_identification:Package 'src/teleop_twist_joy' with type 'ros.ament_cmake' and name 'teleop_twist_joy'
[0.624s] Level 1:colcon.colcon_core.package_discovery:discover_packages(recursive) using defaults
[0.624s] Level 1:colcon.colcon_core.package_discovery:discover_packages(ignore) discover
[0.624s] Level 1:colcon.colcon_core.package_discovery:discover_packages(ignore) using defaults
[0.624s] Level 1:colcon.colcon_core.package_discovery:discover_packages(path) discover
[0.624s] Level 1:colcon.colcon_core.package_discovery:discover_packages(path) using defaults
[0.657s] INFO:colcon.colcon_core.package_selection:Skipping not selected package 'first_pkg' in 'src/first_pkg'
[0.657s] INFO:colcon.colcon_core.package_selection:Skipping not selected package 'psub1' in 'src/psub1'
[0.657s] INFO:colcon.colcon_core.package_selection:Skipping not selected package 'psub1_1' in 'src/psub1_1'
[0.657s] INFO:colcon.colcon_core.package_selection:Skipping not selected package 'pub1' in 'src/pub1'
[0.657s] INFO:colcon.colcon_core.package_selection:Skipping not selected package 'pub1_1' in 'src/pub1_1'
[0.657s] INFO:colcon.colcon_core.package_selection:Skipping not selected package 'pub1_2' in 'src/pub1_2'
[0.657s] INFO:colcon.colcon_core.package_selection:Skipping not selected package 'pub1_3' in 'src/pub1_3'
[0.657s] INFO:colcon.colcon_core.package_selection:Skipping not selected package 'pub2' in 'src/pub2'
[0.657s] INFO:colcon.colcon_core.package_selection:Skipping not selected package 'teleop_twist_joy' in 'src/teleop_twist_joy'
[0.658s] Level 1:colcon.colcon_core.package_discovery:discover_packages(prefix_path) check parameters
[0.658s] Level 1:colcon.colcon_core.package_discovery:discover_packages(prefix_path) discover
[0.662s] DEBUG:colcon.colcon_installed_package_information.package_discovery:Found 8 installed packages in /home/linux/ros2_ws/install
[0.664s] DEBUG:colcon.colcon_installed_package_information.package_discovery:Found 258 installed packages in /opt/ros/foxy
[0.665s] Level 1:colcon.colcon_core.package_discovery:discover_packages(prefix_path) using defaults
[0.787s] Level 5:colcon.colcon_core.verb:set package 'psub1_2' build argument 'cmake_args' from command line to 'None'
[0.788s] Level 5:colcon.colcon_core.verb:set package 'psub1_2' build argument 'cmake_target' from command line to 'None'
[0.788s] Level 5:colcon.colcon_core.verb:set package 'psub1_2' build argument 'cmake_target_skip_unavailable' from command line to 'False'
[0.788s] Level 5:colcon.colcon_core.verb:set package 'psub1_2' build argument 'cmake_clean_cache' from command line to 'False'
[0.788s] Level 5:colcon.colcon_core.verb:set package 'psub1_2' build argument 'cmake_clean_first' from command line to 'False'
[0.788s] Level 5:colcon.colcon_core.verb:set package 'psub1_2' build argument 'cmake_force_configure' from command line to 'False'
[0.788s] Level 5:colcon.colcon_core.verb:set package 'psub1_2' build argument 'ament_cmake_args' from command line to 'None'
[0.788s] Level 5:colcon.colcon_core.verb:set package 'psub1_2' build argument 'catkin_cmake_args' from command line to 'None'
[0.788s] Level 5:colcon.colcon_core.verb:set package 'psub1_2' build argument 'catkin_skip_building_tests' from command line to 'False'
[0.788s] DEBUG:colcon.colcon_core.verb:Building package 'psub1_2' with the following arguments: {'ament_cmake_args': None, 'build_base': '/home/linux/ros2_ws/build/psub1_2', 'catkin_cmake_args': None, 'catkin_skip_building_tests': False, 'cmake_args': None, 'cmake_clean_cache': False, 'cmake_clean_first': False, 'cmake_force_configure': False, 'cmake_target': None, 'cmake_target_skip_unavailable': False, 'install_base': '/home/linux/ros2_ws/install/psub1_2', 'merge_install': False, 'path': '/home/linux/ros2_ws/src/psub1_2', 'symlink_install': True, 'test_result_base': None}
[0.788s] INFO:colcon.colcon_core.executor:Executing jobs using 'parallel' executor
[0.789s] DEBUG:colcon.colcon_parallel_executor.executor.parallel:run_until_complete
[0.789s] INFO:colcon.colcon_ros.task.ament_cmake.build:Building ROS package in '/home/linux/ros2_ws/src/psub1_2' with build type 'ament_cmake'
[0.789s] INFO:colcon.colcon_cmake.task.cmake.build:Building CMake package in '/home/linux/ros2_ws/src/psub1_2'
[0.795s] INFO:colcon.colcon_core.plugin_system:Skipping extension 'colcon_core.shell.bat': Not used on non-Windows systems
[0.795s] INFO:colcon.colcon_core.shell:Skip shell extension 'powershell' for command environment: Not usable outside of PowerShell
[0.795s] DEBUG:colcon.colcon_core.shell:Skip shell extension 'dsv' for command environment
[0.808s] DEBUG:colcon.colcon_core.event_handler.log_command:Invoking command in '/home/linux/ros2_ws/build/psub1_2': CMAKE_PREFIX_PATH=${CMAKE_PREFIX_PATH}:/opt/ros/foxy /usr/bin/cmake /home/linux/ros2_ws/src/psub1_2 -DAMENT_CMAKE_SYMLINK_INSTALL=1 -DCMAKE_INSTALL_PREFIX=/home/linux/ros2_ws/install/psub1_2
[4.652s] DEBUG:colcon.colcon_core.event_handler.log_command:Invoked command in '/home/linux/ros2_ws/build/psub1_2' returned '1': CMAKE_PREFIX_PATH=${CMAKE_PREFIX_PATH}:/opt/ros/foxy /usr/bin/cmake /home/linux/ros2_ws/src/psub1_2 -DAMENT_CMAKE_SYMLINK_INSTALL=1 -DCMAKE_INSTALL_PREFIX=/home/linux/ros2_ws/install/psub1_2
[4.661s] Level 1:colcon.colcon_core.environment:create_environment_scripts_only(psub1_2)
[4.670s] Level 1:colcon.colcon_core.environment:checking '/home/linux/ros2_ws/install/psub1_2' for CMake module files
[4.670s] Level 1:colcon.colcon_core.environment:checking '/home/linux/ros2_ws/install/psub1_2' for CMake config files
[4.670s] Level 1:colcon.colcon_core.environment:checking '/home/linux/ros2_ws/install/psub1_2/bin'
[4.670s] Level 1:colcon.colcon_core.environment:checking '/home/linux/ros2_ws/install/psub1_2/lib/pkgconfig/psub1_2.pc'
[4.670s] Level 1:colcon.colcon_core.environment:checking '/home/linux/ros2_ws/install/psub1_2/lib/python3.8/site-packages'
[4.671s] Level 1:colcon.colcon_core.environment:checking '/home/linux/ros2_ws/install/psub1_2/bin'
[4.671s] INFO:colcon.colcon_core.shell:Creating package script '/home/linux/ros2_ws/install/psub1_2/share/psub1_2/package.ps1'
[4.672s] INFO:colcon.colcon_core.shell:Creating package descriptor '/home/linux/ros2_ws/install/psub1_2/share/psub1_2/package.dsv'
[4.673s] INFO:colcon.colcon_core.shell:Creating package script '/home/linux/ros2_ws/install/psub1_2/share/psub1_2/package.sh'
[4.673s] INFO:colcon.colcon_core.shell:Creating package script '/home/linux/ros2_ws/install/psub1_2/share/psub1_2/package.bash'
[4.674s] INFO:colcon.colcon_core.shell:Creating package script '/home/linux/ros2_ws/install/psub1_2/share/psub1_2/package.zsh'
[4.675s] Level 1:colcon.colcon_core.environment:create_file_with_runtime_dependencies(/home/linux/ros2_ws/install/psub1_2/share/colcon-core/packages/psub1_2)
[4.686s] DEBUG:colcon.colcon_parallel_executor.executor.parallel:closing loop
[4.686s] DEBUG:colcon.colcon_parallel_executor.executor.parallel:loop closed
[4.686s] DEBUG:colcon.colcon_parallel_executor.executor.parallel:run_until_complete finished with '1'
[4.686s] DEBUG:colcon.colcon_core.event_reactor:joining thread
[4.714s] INFO:colcon.colcon_core.plugin_system:Skipping extension 'colcon_notification.desktop_notification.notify_send': Could not find 'notify-send'
[4.714s] INFO:colcon.colcon_core.plugin_system:Skipping extension 'colcon_notification.desktop_notification.terminal_notifier': Not used on non-Darwin systems
[4.715s] INFO:colcon.colcon_core.plugin_system:Skipping extension 'colcon_notification.desktop_notification.win32': Not used on non-Windows systems
[4.715s] INFO:colcon.colcon_notification.desktop_notification:Sending desktop notification using 'notify2'
[4.717s] DEBUG:colcon.colcon_notification.desktop_notification.notify2:Failed to initialize notify2: org.freedesktop.DBus.Error.ServiceUnknown: The name org.freedesktop.Notifications was not provided by any .service files
[4.717s] DEBUG:colcon.colcon_core.event_reactor:joined thread
[4.717s] INFO:colcon.colcon_core.shell:Creating prefix script '/home/linux/ros2_ws/install/local_setup.ps1'
[4.718s] INFO:colcon.colcon_core.shell:Creating prefix util module '/home/linux/ros2_ws/install/_local_setup_util_ps1.py'
[4.720s] INFO:colcon.colcon_core.shell:Creating prefix chain script '/home/linux/ros2_ws/install/setup.ps1'
[4.721s] INFO:colcon.colcon_core.shell:Creating prefix script '/home/linux/ros2_ws/install/local_setup.sh'
[4.722s] INFO:colcon.colcon_core.shell:Creating prefix util module '/home/linux/ros2_ws/install/_local_setup_util_sh.py'
[4.722s] INFO:colcon.colcon_core.shell:Creating prefix chain script '/home/linux/ros2_ws/install/setup.sh'
[4.723s] INFO:colcon.colcon_core.shell:Creating prefix script '/home/linux/ros2_ws/install/local_setup.bash'
[4.724s] INFO:colcon.colcon_core.shell:Creating prefix chain script '/home/linux/ros2_ws/install/setup.bash'
[4.725s] INFO:colcon.colcon_core.shell:Creating prefix script '/home/linux/ros2_ws/install/local_setup.zsh'
[4.725s] INFO:colcon.colcon_core.shell:Creating prefix chain script '/home/linux/ros2_ws/install/setup.zsh'
