[0.357s] DEBUG:colcon:Command line arguments: ['/usr/bin/colcon', 'build', '--symlink-install', '--packages-select', 'pub1_2']
[0.357s] DEBUG:colcon:Parsed command line arguments: Namespace(allow_overriding=[], ament_cmake_args=None, base_paths=['.'], build_base='build', catkin_cmake_args=None, catkin_skip_building_tests=False, cmake_args=None, cmake_clean_cache=False, cmake_clean_first=False, cmake_force_configure=False, cmake_target=None, cmake_target_skip_unavailable=False, continue_on_error=False, event_handlers=None, executor='parallel', ignore_user_meta=False, install_base='install', log_base=None, log_level=None, main=<bound method BuildVerb.main of <colcon_core.verb.build.BuildVerb object at 0x7f22685c7a00>>, merge_install=False, metas=['./colcon.meta'], packages_above=None, packages_above_and_dependencies=None, packages_above_depth=None, packages_end=None, packages_ignore=None, packages_ignore_regex=None, packages_select=['pub1_2'], packages_select_build_failed=False, packages_select_by_dep=None, packages_select_regex=None, packages_select_test_failures=False, packages_skip=None, packages_skip_build_finished=False, packages_skip_by_dep=None, packages_skip_regex=None, packages_skip_test_passed=False, packages_skip_up_to=None, packages_start=None, packages_up_to=None, packages_up_to_regex=None, parallel_workers=16, paths=None, symlink_install=True, test_result_base=None, verb_extension=<colcon_core.verb.build.BuildVerb object at 0x7f22685c7a00>, verb_name='build', verb_parser=<colcon_defaults.argument_parser.defaults.DefaultArgumentsDecorator object at 0x7f2268478c10>)
[0.570s] Level 1:colcon.colcon_core.package_discovery:discover_packages(colcon_meta) check parameters
[0.570s] Level 1:colcon.colcon_core.package_discovery:discover_packages(recursive) check parameters
[0.570s] Level 1:colcon.colcon_core.package_discovery:discover_packages(ignore) check parameters
[0.570s] Level 1:colcon.colcon_core.package_discovery:discover_packages(path) check parameters
[0.570s] Level 1:colcon.colcon_core.package_discovery:discover_packages(colcon_meta) discover
[0.570s] Level 1:colcon.colcon_core.package_discovery:discover_packages(recursive) discover
[0.570s] INFO:colcon.colcon_core.package_discovery:Crawling recursively for packages in '/home/linux/ros2_ws/src'
[0.570s] Level 1:colcon.colcon_core.package_identification:_identify(.) by extensions ['ignore', 'ignore_ament_install']
[0.570s] Level 1:colcon.colcon_core.package_identification:_identify(.) by extension 'ignore'
[0.570s] Level 1:colcon.colcon_core.package_identification:_identify(.) by extension 'ignore_ament_install'
[0.571s] Level 1:colcon.colcon_core.package_identification:_identify(.) by extensions ['colcon_pkg']
[0.571s] Level 1:colcon.colcon_core.package_identification:_identify(.) by extension 'colcon_pkg'
[0.571s] Level 1:colcon.colcon_core.package_identification:_identify(.) by extensions ['colcon_meta']
[0.571s] Level 1:colcon.colcon_core.package_identification:_identify(.) by extension 'colcon_meta'
[0.571s] Level 1:colcon.colcon_core.package_identification:_identify(.) by extensions ['ros']
[0.571s] Level 1:colcon.colcon_core.package_identification:_identify(.) by extension 'ros'
[0.584s] Level 1:colcon.colcon_core.package_identification:_identify(.) by extensions ['cmake', 'python']
[0.584s] Level 1:colcon.colcon_core.package_identification:_identify(.) by extension 'cmake'
[0.585s] Level 1:colcon.colcon_core.package_identification:_identify(.) by extension 'python'
[0.585s] Level 1:colcon.colcon_core.package_identification:_identify(.) by extensions ['python_setup_py']
[0.585s] Level 1:colcon.colcon_core.package_identification:_identify(.) by extension 'python_setup_py'
[0.585s] Level 1:colcon.colcon_core.package_identification:_identify(build) by extensions ['ignore', 'ignore_ament_install']
[0.585s] Level 1:colcon.colcon_core.package_identification:_identify(build) by extension 'ignore'
[0.585s] Level 1:colcon.colcon_core.package_identification:_identify(build) ignored
[0.585s] Level 1:colcon.colcon_core.package_identification:_identify(first_pkg) by extensions ['ignore', 'ignore_ament_install']
[0.585s] Level 1:colcon.colcon_core.package_identification:_identify(first_pkg) by extension 'ignore'
[0.585s] Level 1:colcon.colcon_core.package_identification:_identify(first_pkg) by extension 'ignore_ament_install'
[0.586s] Level 1:colcon.colcon_core.package_identification:_identify(first_pkg) by extensions ['colcon_pkg']
[0.586s] Level 1:colcon.colcon_core.package_identification:_identify(first_pkg) by extension 'colcon_pkg'
[0.586s] Level 1:colcon.colcon_core.package_identification:_identify(first_pkg) by extensions ['colcon_meta']
[0.586s] Level 1:colcon.colcon_core.package_identification:_identify(first_pkg) by extension 'colcon_meta'
[0.586s] Level 1:colcon.colcon_core.package_identification:_identify(first_pkg) by extensions ['ros']
[0.586s] Level 1:colcon.colcon_core.package_identification:_identify(first_pkg) by extension 'ros'
[0.589s] DEBUG:colcon.colcon_core.package_identification:Package 'first_pkg' with type 'ros.ament_cmake' and name 'first_pkg'
[0.589s] Level 1:colcon.colcon_core.package_identification:_identify(install) by extensions ['ignore', 'ignore_ament_install']
[0.589s] Level 1:colcon.colcon_core.package_identification:_identify(install) by extension 'ignore'
[0.589s] Level 1:colcon.colcon_core.package_identification:_identify(install) ignored
[0.589s] Level 1:colcon.colcon_core.package_identification:_identify(log) by extensions ['ignore', 'ignore_ament_install']
[0.589s] Level 1:colcon.colcon_core.package_identification:_identify(log) by extension 'ignore'
[0.589s] Level 1:colcon.colcon_core.package_identification:_identify(log) ignored
[0.589s] Level 1:colcon.colcon_core.package_identification:_identify(pub1) by extensions ['ignore', 'ignore_ament_install']
[0.589s] Level 1:colcon.colcon_core.package_identification:_identify(pub1) by extension 'ignore'
[0.589s] Level 1:colcon.colcon_core.package_identification:_identify(pub1) by extension 'ignore_ament_install'
[0.590s] Level 1:colcon.colcon_core.package_identification:_identify(pub1) by extensions ['colcon_pkg']
[0.590s] Level 1:colcon.colcon_core.package_identification:_identify(pub1) by extension 'colcon_pkg'
[0.590s] Level 1:colcon.colcon_core.package_identification:_identify(pub1) by extensions ['colcon_meta']
[0.590s] Level 1:colcon.colcon_core.package_identification:_identify(pub1) by extension 'colcon_meta'
[0.590s] Level 1:colcon.colcon_core.package_identification:_identify(pub1) by extensions ['ros']
[0.590s] Level 1:colcon.colcon_core.package_identification:_identify(pub1) by extension 'ros'
[0.590s] DEBUG:colcon.colcon_core.package_identification:Package 'pub1' with type 'ros.ament_cmake' and name 'pub1'
[0.591s] Level 1:colcon.colcon_core.package_identification:_identify(pub1_1) by extensions ['ignore', 'ignore_ament_install']
[0.591s] Level 1:colcon.colcon_core.package_identification:_identify(pub1_1) by extension 'ignore'
[0.591s] Level 1:colcon.colcon_core.package_identification:_identify(pub1_1) by extension 'ignore_ament_install'
[0.591s] Level 1:colcon.colcon_core.package_identification:_identify(pub1_1) by extensions ['colcon_pkg']
[0.591s] Level 1:colcon.colcon_core.package_identification:_identify(pub1_1) by extension 'colcon_pkg'
[0.591s] Level 1:colcon.colcon_core.package_identification:_identify(pub1_1) by extensions ['colcon_meta']
[0.591s] Level 1:colcon.colcon_core.package_identification:_identify(pub1_1) by extension 'colcon_meta'
[0.591s] Level 1:colcon.colcon_core.package_identification:_identify(pub1_1) by extensions ['ros']
[0.591s] Level 1:colcon.colcon_core.package_identification:_identify(pub1_1) by extension 'ros'
[0.592s] DEBUG:colcon.colcon_core.package_identification:Package 'pub1_1' with type 'ros.ament_cmake' and name 'pub1_1'
[0.592s] Level 1:colcon.colcon_core.package_identification:_identify(pub1_2) by extensions ['ignore', 'ignore_ament_install']
[0.592s] Level 1:colcon.colcon_core.package_identification:_identify(pub1_2) by extension 'ignore'
[0.592s] Level 1:colcon.colcon_core.package_identification:_identify(pub1_2) by extension 'ignore_ament_install'
[0.592s] Level 1:colcon.colcon_core.package_identification:_identify(pub1_2) by extensions ['colcon_pkg']
[0.592s] Level 1:colcon.colcon_core.package_identification:_identify(pub1_2) by extension 'colcon_pkg'
[0.592s] Level 1:colcon.colcon_core.package_identification:_identify(pub1_2) by extensions ['colcon_meta']
[0.592s] Level 1:colcon.colcon_core.package_identification:_identify(pub1_2) by extension 'colcon_meta'
[0.592s] Level 1:colcon.colcon_core.package_identification:_identify(pub1_2) by extensions ['ros']
[0.592s] Level 1:colcon.colcon_core.package_identification:_identify(pub1_2) by extension 'ros'
[0.593s] DEBUG:colcon.colcon_core.package_identification:Package 'pub1_2' with type 'ros.ament_cmake' and name 'pub1_2'
[0.594s] Level 1:colcon.colcon_core.package_identification:_identify(teleop_twist_joy) by extensions ['ignore', 'ignore_ament_install']
[0.594s] Level 1:colcon.colcon_core.package_identification:_identify(teleop_twist_joy) by extension 'ignore'
[0.594s] Level 1:colcon.colcon_core.package_identification:_identify(teleop_twist_joy) by extension 'ignore_ament_install'
[0.594s] Level 1:colcon.colcon_core.package_identification:_identify(teleop_twist_joy) by extensions ['colcon_pkg']
[0.594s] Level 1:colcon.colcon_core.package_identification:_identify(teleop_twist_joy) by extension 'colcon_pkg'
[0.594s] Level 1:colcon.colcon_core.package_identification:_identify(teleop_twist_joy) by extensions ['colcon_meta']
[0.594s] Level 1:colcon.colcon_core.package_identification:_identify(teleop_twist_joy) by extension 'colcon_meta'
[0.594s] Level 1:colcon.colcon_core.package_identification:_identify(teleop_twist_joy) by extensions ['ros']
[0.594s] Level 1:colcon.colcon_core.package_identification:_identify(teleop_twist_joy) by extension 'ros'
[0.595s] DEBUG:colcon.colcon_core.package_identification:Package 'teleop_twist_joy' with type 'ros.ament_cmake' and name 'teleop_twist_joy'
[0.595s] Level 1:colcon.colcon_core.package_discovery:discover_packages(recursive) using defaults
[0.595s] Level 1:colcon.colcon_core.package_discovery:discover_packages(ignore) discover
[0.595s] Level 1:colcon.colcon_core.package_discovery:discover_packages(ignore) using defaults
[0.595s] Level 1:colcon.colcon_core.package_discovery:discover_packages(path) discover
[0.595s] Level 1:colcon.colcon_core.package_discovery:discover_packages(path) using defaults
[0.618s] INFO:colcon.colcon_core.package_selection:Skipping not selected package 'first_pkg' in 'first_pkg'
[0.618s] INFO:colcon.colcon_core.package_selection:Skipping not selected package 'pub1' in 'pub1'
[0.618s] INFO:colcon.colcon_core.package_selection:Skipping not selected package 'pub1_1' in 'pub1_1'
[0.618s] INFO:colcon.colcon_core.package_selection:Skipping not selected package 'teleop_twist_joy' in 'teleop_twist_joy'
[0.620s] Level 1:colcon.colcon_core.package_discovery:discover_packages(prefix_path) check parameters
[0.620s] Level 1:colcon.colcon_core.package_discovery:discover_packages(prefix_path) discover
[0.624s] DEBUG:colcon.colcon_installed_package_information.package_discovery:Found 4 installed packages in /home/linux/ros2_ws/install
[0.626s] DEBUG:colcon.colcon_installed_package_information.package_discovery:Found 258 installed packages in /opt/ros/foxy
[0.634s] Level 1:colcon.colcon_core.package_discovery:discover_packages(prefix_path) using defaults
[0.753s] Level 5:colcon.colcon_core.verb:set package 'pub1_2' build argument 'cmake_args' from command line to 'None'
[0.753s] Level 5:colcon.colcon_core.verb:set package 'pub1_2' build argument 'cmake_target' from command line to 'None'
[0.753s] Level 5:colcon.colcon_core.verb:set package 'pub1_2' build argument 'cmake_target_skip_unavailable' from command line to 'False'
[0.753s] Level 5:colcon.colcon_core.verb:set package 'pub1_2' build argument 'cmake_clean_cache' from command line to 'False'
[0.753s] Level 5:colcon.colcon_core.verb:set package 'pub1_2' build argument 'cmake_clean_first' from command line to 'False'
[0.753s] Level 5:colcon.colcon_core.verb:set package 'pub1_2' build argument 'cmake_force_configure' from command line to 'False'
[0.753s] Level 5:colcon.colcon_core.verb:set package 'pub1_2' build argument 'ament_cmake_args' from command line to 'None'
[0.753s] Level 5:colcon.colcon_core.verb:set package 'pub1_2' build argument 'catkin_cmake_args' from command line to 'None'
[0.753s] Level 5:colcon.colcon_core.verb:set package 'pub1_2' build argument 'catkin_skip_building_tests' from command line to 'False'
[0.753s] DEBUG:colcon.colcon_core.verb:Building package 'pub1_2' with the following arguments: {'ament_cmake_args': None, 'build_base': '/home/linux/ros2_ws/src/build/pub1_2', 'catkin_cmake_args': None, 'catkin_skip_building_tests': False, 'cmake_args': None, 'cmake_clean_cache': False, 'cmake_clean_first': False, 'cmake_force_configure': False, 'cmake_target': None, 'cmake_target_skip_unavailable': False, 'install_base': '/home/linux/ros2_ws/src/install/pub1_2', 'merge_install': False, 'path': '/home/linux/ros2_ws/src/pub1_2', 'symlink_install': True, 'test_result_base': None}
[0.753s] INFO:colcon.colcon_core.executor:Executing jobs using 'parallel' executor
[0.754s] DEBUG:colcon.colcon_parallel_executor.executor.parallel:run_until_complete
[0.754s] INFO:colcon.colcon_ros.task.ament_cmake.build:Building ROS package in '/home/linux/ros2_ws/src/pub1_2' with build type 'ament_cmake'
[0.755s] INFO:colcon.colcon_cmake.task.cmake.build:Building CMake package in '/home/linux/ros2_ws/src/pub1_2'
[0.760s] INFO:colcon.colcon_core.plugin_system:Skipping extension 'colcon_core.shell.bat': Not used on non-Windows systems
[0.760s] INFO:colcon.colcon_core.shell:Skip shell extension 'powershell' for command environment: Not usable outside of PowerShell
[0.760s] DEBUG:colcon.colcon_core.shell:Skip shell extension 'dsv' for command environment
[0.769s] DEBUG:colcon.colcon_core.event_handler.log_command:Invoking command in '/home/linux/ros2_ws/src/build/pub1_2': CMAKE_PREFIX_PATH=${CMAKE_PREFIX_PATH}:/opt/ros/foxy /usr/bin/cmake /home/linux/ros2_ws/src/pub1_2 -DAMENT_CMAKE_SYMLINK_INSTALL=1 -DCMAKE_INSTALL_PREFIX=/home/linux/ros2_ws/src/install/pub1_2
[4.957s] DEBUG:colcon.colcon_core.event_handler.log_command:Invoked command in '/home/linux/ros2_ws/src/build/pub1_2' returned '0': CMAKE_PREFIX_PATH=${CMAKE_PREFIX_PATH}:/opt/ros/foxy /usr/bin/cmake /home/linux/ros2_ws/src/pub1_2 -DAMENT_CMAKE_SYMLINK_INSTALL=1 -DCMAKE_INSTALL_PREFIX=/home/linux/ros2_ws/src/install/pub1_2
[4.957s] DEBUG:colcon.colcon_core.event_handler.log_command:Invoking command in '/home/linux/ros2_ws/src/build/pub1_2': CMAKE_PREFIX_PATH=${CMAKE_PREFIX_PATH}:/opt/ros/foxy /usr/bin/cmake --build /home/linux/ros2_ws/src/build/pub1_2 -- -j16 -l16
[7.438s] DEBUG:colcon.colcon_core.event_handler.log_command:Invoked command in '/home/linux/ros2_ws/src/build/pub1_2' returned '0': CMAKE_PREFIX_PATH=${CMAKE_PREFIX_PATH}:/opt/ros/foxy /usr/bin/cmake --build /home/linux/ros2_ws/src/build/pub1_2 -- -j16 -l16
[7.448s] DEBUG:colcon.colcon_core.event_handler.log_command:Invoking command in '/home/linux/ros2_ws/src/build/pub1_2': CMAKE_PREFIX_PATH=${CMAKE_PREFIX_PATH}:/opt/ros/foxy /usr/bin/cmake --install /home/linux/ros2_ws/src/build/pub1_2
[7.560s] Level 1:colcon.colcon_core.environment:create_environment_scripts_only(pub1_2)
[7.562s] DEBUG:colcon.colcon_core.event_handler.log_command:Invoked command in '/home/linux/ros2_ws/src/build/pub1_2' returned '0': CMAKE_PREFIX_PATH=${CMAKE_PREFIX_PATH}:/opt/ros/foxy /usr/bin/cmake --install /home/linux/ros2_ws/src/build/pub1_2
[7.569s] Level 1:colcon.colcon_core.environment:checking '/home/linux/ros2_ws/src/install/pub1_2' for CMake module files
[7.569s] Level 1:colcon.colcon_core.environment:checking '/home/linux/ros2_ws/src/install/pub1_2' for CMake config files
[7.569s] Level 1:colcon.colcon_core.shell:create_environment_hook('pub1_2', 'cmake_prefix_path')
[7.570s] INFO:colcon.colcon_core.shell:Creating environment hook '/home/linux/ros2_ws/src/install/pub1_2/share/pub1_2/hook/cmake_prefix_path.ps1'
[7.572s] INFO:colcon.colcon_core.shell:Creating environment descriptor '/home/linux/ros2_ws/src/install/pub1_2/share/pub1_2/hook/cmake_prefix_path.dsv'
[7.573s] INFO:colcon.colcon_core.shell:Creating environment hook '/home/linux/ros2_ws/src/install/pub1_2/share/pub1_2/hook/cmake_prefix_path.sh'
[7.574s] Level 1:colcon.colcon_core.environment:checking '/home/linux/ros2_ws/src/install/pub1_2/lib'
[7.574s] Level 1:colcon.colcon_core.environment:checking '/home/linux/ros2_ws/src/install/pub1_2/bin'
[7.574s] Level 1:colcon.colcon_core.environment:checking '/home/linux/ros2_ws/src/install/pub1_2/lib/pkgconfig/pub1_2.pc'
[7.574s] Level 1:colcon.colcon_core.environment:checking '/home/linux/ros2_ws/src/install/pub1_2/lib/python3.8/site-packages'
[7.574s] Level 1:colcon.colcon_core.environment:checking '/home/linux/ros2_ws/src/install/pub1_2/bin'
[7.574s] INFO:colcon.colcon_core.shell:Creating package script '/home/linux/ros2_ws/src/install/pub1_2/share/pub1_2/package.ps1'
[7.575s] INFO:colcon.colcon_core.shell:Creating package descriptor '/home/linux/ros2_ws/src/install/pub1_2/share/pub1_2/package.dsv'
[7.576s] INFO:colcon.colcon_core.shell:Creating package script '/home/linux/ros2_ws/src/install/pub1_2/share/pub1_2/package.sh'
[7.577s] INFO:colcon.colcon_core.shell:Creating package script '/home/linux/ros2_ws/src/install/pub1_2/share/pub1_2/package.bash'
[7.578s] INFO:colcon.colcon_core.shell:Creating package script '/home/linux/ros2_ws/src/install/pub1_2/share/pub1_2/package.zsh'
[7.578s] Level 1:colcon.colcon_core.environment:create_file_with_runtime_dependencies(/home/linux/ros2_ws/src/install/pub1_2/share/colcon-core/packages/pub1_2)
[7.579s] Level 1:colcon.colcon_core.environment:create_environment_scripts_only(pub1_2)
[7.579s] Level 1:colcon.colcon_core.environment:checking '/home/linux/ros2_ws/src/install/pub1_2' for CMake module files
[7.580s] Level 1:colcon.colcon_core.environment:checking '/home/linux/ros2_ws/src/install/pub1_2' for CMake config files
[7.580s] Level 1:colcon.colcon_core.shell:create_environment_hook('pub1_2', 'cmake_prefix_path')
[7.580s] INFO:colcon.colcon_core.shell:Creating environment hook '/home/linux/ros2_ws/src/install/pub1_2/share/pub1_2/hook/cmake_prefix_path.ps1'
[7.580s] INFO:colcon.colcon_core.shell:Creating environment descriptor '/home/linux/ros2_ws/src/install/pub1_2/share/pub1_2/hook/cmake_prefix_path.dsv'
[7.581s] INFO:colcon.colcon_core.shell:Creating environment hook '/home/linux/ros2_ws/src/install/pub1_2/share/pub1_2/hook/cmake_prefix_path.sh'
[7.581s] Level 1:colcon.colcon_core.environment:checking '/home/linux/ros2_ws/src/install/pub1_2/lib'
[7.581s] Level 1:colcon.colcon_core.environment:checking '/home/linux/ros2_ws/src/install/pub1_2/bin'
[7.581s] Level 1:colcon.colcon_core.environment:checking '/home/linux/ros2_ws/src/install/pub1_2/lib/pkgconfig/pub1_2.pc'
[7.581s] Level 1:colcon.colcon_core.environment:checking '/home/linux/ros2_ws/src/install/pub1_2/lib/python3.8/site-packages'
[7.582s] Level 1:colcon.colcon_core.environment:checking '/home/linux/ros2_ws/src/install/pub1_2/bin'
[7.582s] INFO:colcon.colcon_core.shell:Creating package script '/home/linux/ros2_ws/src/install/pub1_2/share/pub1_2/package.ps1'
[7.582s] INFO:colcon.colcon_core.shell:Creating package descriptor '/home/linux/ros2_ws/src/install/pub1_2/share/pub1_2/package.dsv'
[7.583s] INFO:colcon.colcon_core.shell:Creating package script '/home/linux/ros2_ws/src/install/pub1_2/share/pub1_2/package.sh'
[7.583s] INFO:colcon.colcon_core.shell:Creating package script '/home/linux/ros2_ws/src/install/pub1_2/share/pub1_2/package.bash'
[7.583s] INFO:colcon.colcon_core.shell:Creating package script '/home/linux/ros2_ws/src/install/pub1_2/share/pub1_2/package.zsh'
[7.584s] Level 1:colcon.colcon_core.environment:create_file_with_runtime_dependencies(/home/linux/ros2_ws/src/install/pub1_2/share/colcon-core/packages/pub1_2)
[7.584s] DEBUG:colcon.colcon_parallel_executor.executor.parallel:closing loop
[7.585s] DEBUG:colcon.colcon_parallel_executor.executor.parallel:loop closed
[7.585s] DEBUG:colcon.colcon_parallel_executor.executor.parallel:run_until_complete finished with '0'
[7.585s] DEBUG:colcon.colcon_core.event_reactor:joining thread
[7.611s] INFO:colcon.colcon_core.plugin_system:Skipping extension 'colcon_notification.desktop_notification.notify_send': Could not find 'notify-send'
[7.612s] INFO:colcon.colcon_core.plugin_system:Skipping extension 'colcon_notification.desktop_notification.terminal_notifier': Not used on non-Darwin systems
[7.612s] INFO:colcon.colcon_core.plugin_system:Skipping extension 'colcon_notification.desktop_notification.win32': Not used on non-Windows systems
[7.612s] INFO:colcon.colcon_notification.desktop_notification:Sending desktop notification using 'notify2'
[7.613s] DEBUG:colcon.colcon_notification.desktop_notification.notify2:Failed to initialize notify2: org.freedesktop.DBus.Error.ServiceUnknown: The name org.freedesktop.Notifications was not provided by any .service files
[7.613s] DEBUG:colcon.colcon_core.event_reactor:joined thread
[7.614s] INFO:colcon.colcon_core.shell:Creating prefix script '/home/linux/ros2_ws/src/install/local_setup.ps1'
[7.615s] INFO:colcon.colcon_core.shell:Creating prefix util module '/home/linux/ros2_ws/src/install/_local_setup_util_ps1.py'
[7.616s] INFO:colcon.colcon_core.shell:Creating prefix chain script '/home/linux/ros2_ws/src/install/setup.ps1'
[7.617s] INFO:colcon.colcon_core.shell:Creating prefix script '/home/linux/ros2_ws/src/install/local_setup.sh'
[7.618s] INFO:colcon.colcon_core.shell:Creating prefix util module '/home/linux/ros2_ws/src/install/_local_setup_util_sh.py'
[7.619s] INFO:colcon.colcon_core.shell:Creating prefix chain script '/home/linux/ros2_ws/src/install/setup.sh'
[7.620s] INFO:colcon.colcon_core.shell:Creating prefix script '/home/linux/ros2_ws/src/install/local_setup.bash'
[7.621s] INFO:colcon.colcon_core.shell:Creating prefix chain script '/home/linux/ros2_ws/src/install/setup.bash'
[7.622s] INFO:colcon.colcon_core.shell:Creating prefix script '/home/linux/ros2_ws/src/install/local_setup.zsh'
[7.622s] INFO:colcon.colcon_core.shell:Creating prefix chain script '/home/linux/ros2_ws/src/install/setup.zsh'
