[0.016s] Invoking command in '/home/linux/ros2_ws/build/psub1_2': CMAKE_PREFIX_PATH=${CMAKE_PREFIX_PATH}:/opt/ros/foxy /usr/bin/cmake /home/linux/ros2_ws/src/psub1_2 -DAMENT_CMAKE_SYMLINK_INSTALL=1 -DCMAKE_INSTALL_PREFIX=/home/linux/ros2_ws/install/psub1_2
[0.343s] -- The C compiler identification is GNU 9.4.0
[0.614s] -- The CXX compiler identification is GNU 9.4.0
[0.674s] -- Check for working C compiler: /usr/bin/cc
[0.797s] -- Check for working C compiler: /usr/bin/cc -- works
[0.799s] -- Detecting C compiler ABI info
[0.913s] -- Detecting C compiler ABI info - done
[0.922s] -- Detecting C compile features
[0.922s] -- Detecting C compile features - done
[0.925s] -- Check for working CXX compiler: /usr/bin/c++
[1.039s] -- Check for working CXX compiler: /usr/bin/c++ -- works
[1.040s] -- Detecting CXX compiler ABI info
[1.159s] -- Detecting CXX compiler ABI info - done
[1.168s] -- Detecting CXX compile features
[1.168s] -- Detecting CXX compile features - done
[1.180s] -- Found ament_cmake: 0.9.12 (/opt/ros/foxy/share/ament_cmake/cmake)
[1.201s] -- Found PythonInterp: /usr/bin/python3 (found suitable version "3.8.10", minimum required is "3") 
[1.202s] -- Using PYTHON_EXECUTABLE: /usr/bin/python3
[1.332s] -- Override CMake install command with custom implementation using symlinks instead of copying resources
[1.366s] -- Found rclcpp: 2.4.3 (/opt/ros/foxy/share/rclcpp/cmake)
[1.489s] -- Using all available rosidl_typesupport_c: rosidl_typesupport_fastrtps_c;rosidl_typesupport_introspection_c
[1.500s] -- Found rosidl_adapter: 1.3.1 (/opt/ros/foxy/share/rosidl_adapter/cmake)
[1.979s] -- Found OpenSSL: /usr/lib/x86_64-linux-gnu/libcrypto.so (found version "1.1.1f")  
[2.401s] -- Found FastRTPS: /opt/ros/foxy/include  
[3.167s] -- Using all available rosidl_typesupport_cpp: rosidl_typesupport_fastrtps_cpp;rosidl_typesupport_introspection_cpp
[3.233s] -- Found rmw_implementation_cmake: 1.0.4 (/opt/ros/foxy/share/rmw_implementation_cmake/cmake)
[3.237s] -- Using RMW implementation 'rmw_fastrtps_cpp' as default
[3.239s] -- Looking for pthread.h
[3.349s] -- Looking for pthread.h - found
[3.349s] -- Performing Test CMAKE_HAVE_LIBC_PTHREAD
[3.459s] -- Performing Test CMAKE_HAVE_LIBC_PTHREAD - Failed
[3.459s] -- Looking for pthread_create in pthreads
[3.560s] -- Looking for pthread_create in pthreads - not found
[3.560s] -- Looking for pthread_create in pthread
[3.667s] -- Looking for pthread_create in pthread - found
[3.667s] -- Found Threads: TRUE  
[3.854s] CMake Error at /opt/ros/foxy/share/ament_cmake_core/cmake/core/ament_package_xml.cmake:53 (message):
[3.854s]   ament_package_xml() package name 'psub1_2' in '/package.xml' does not match
[3.854s]   current PROJECT_NAME 'psub1_1'.  You must call project() with the same
[3.854s]   package name before.
[3.854s] Call Stack (most recent call first):
[3.855s]   /opt/ros/foxy/share/ament_cmake_core/cmake/core/ament_package.cmake:63 (ament_package_xml)
[3.855s]   CMakeLists.txt:23 (ament_package)
[3.855s] 
[3.855s] 
[3.855s] -- Configuring incomplete, errors occurred!
[3.855s] See also "/home/linux/ros2_ws/build/psub1_2/CMakeFiles/CMakeOutput.log".
[3.855s] See also "/home/linux/ros2_ws/build/psub1_2/CMakeFiles/CMakeError.log".
[3.861s] Invoked command in '/home/linux/ros2_ws/build/psub1_2' returned '1': CMAKE_PREFIX_PATH=${CMAKE_PREFIX_PATH}:/opt/ros/foxy /usr/bin/cmake /home/linux/ros2_ws/src/psub1_2 -DAMENT_CMAKE_SYMLINK_INSTALL=1 -DCMAKE_INSTALL_PREFIX=/home/linux/ros2_ws/install/psub1_2
