[0.013s] Invoking command in '/home/linux/ros2_ws/build/pub1': /usr/bin/cmake /home/linux/ros2_ws/src/pub1 -DCMAKE_INSTALL_PREFIX=/home/linux/ros2_ws/install/pub1
[0.022s] -- Found ament_cmake: 0.9.12 (/opt/ros/foxy/share/ament_cmake/cmake)
[0.040s] -- Using PYTHON_EXECUTABLE: /usr/bin/python3
[0.189s] -- Found rclcpp: 2.4.3 (/opt/ros/foxy/share/rclcpp/cmake)
[0.300s] -- Using all available rosidl_typesupport_c: rosidl_typesupport_fastrtps_c;rosidl_typesupport_introspection_c
[0.303s] -- Found rosidl_adapter: 1.3.1 (/opt/ros/foxy/share/rosidl_adapter/cmake)
[3.060s] -- Using all available rosidl_typesupport_cpp: rosidl_typesupport_fastrtps_cpp;rosidl_typesupport_introspection_cpp
[3.134s] -- Found rmw_implementation_cmake: 1.0.4 (/opt/ros/foxy/share/rmw_implementation_cmake/cmake)
[3.136s] -- Using RMW implementation 'rmw_fastrtps_cpp' as default
[3.255s] CMake Error: File /home/linux/ros2_ws/src/pub1/package.xml does not exist.
[3.255s] CMake Error at /opt/ros/foxy/share/ament_cmake_core/cmake/core/stamp.cmake:24 (configure_file):
[3.255s]   configure_file Problem configuring file
[3.255s] Call Stack (most recent call first):
[3.255s]   /opt/ros/foxy/share/ament_cmake_core/cmake/core/ament_package_xml.cmake:73 (stamp)
[3.255s]   /opt/ros/foxy/share/ament_cmake_core/cmake/core/ament_package_xml.cmake:49 (_ament_package_xml)
[3.256s]   /opt/ros/foxy/share/ament_cmake_core/cmake/core/ament_package.cmake:63 (ament_package_xml)
[3.256s]   CMakeLists.txt:21 (ament_package)
[3.256s] 
[3.256s] 
[3.259s] -- Configuring incomplete, errors occurred!
[3.259s] See also "/home/linux/ros2_ws/build/pub1/CMakeFiles/CMakeOutput.log".
[3.259s] See also "/home/linux/ros2_ws/build/pub1/CMakeFiles/CMakeError.log".
[3.265s] Invoked command in '/home/linux/ros2_ws/build/pub1' returned '1': /usr/bin/cmake /home/linux/ros2_ws/src/pub1 -DCMAKE_INSTALL_PREFIX=/home/linux/ros2_ws/install/pub1
