[0.012s] Invoking command in '/home/linux/ros2_ws/build/pub1': CMAKE_PREFIX_PATH=/opt/ros/foxy /usr/bin/cmake /home/linux/ros2_ws/src/pub1 -DAMENT_CMAKE_SYMLINK_INSTALL=1 -DCMAKE_INSTALL_PREFIX=/home/linux/ros2_ws/install/pub1
[0.023s] -- Found ament_cmake: 0.9.12 (/opt/ros/foxy/share/ament_cmake/cmake)
[0.040s] -- Using PYTHON_EXECUTABLE: /usr/bin/python3
[0.178s] -- Override CMake install command with custom implementation using symlinks instead of copying resources
[0.185s] -- Found rclcpp: 2.4.3 (/opt/ros/foxy/share/rclcpp/cmake)
[0.301s] -- Using all available rosidl_typesupport_c: rosidl_typesupport_fastrtps_c;rosidl_typesupport_introspection_c
[0.304s] -- Found rosidl_adapter: 1.3.1 (/opt/ros/foxy/share/rosidl_adapter/cmake)
[3.055s] -- Using all available rosidl_typesupport_cpp: rosidl_typesupport_fastrtps_cpp;rosidl_typesupport_introspection_cpp
[3.098s] -- Found rmw_implementation_cmake: 1.0.4 (/opt/ros/foxy/share/rmw_implementation_cmake/cmake)
[3.099s] -- Using RMW implementation 'rmw_fastrtps_cpp' as default
[3.271s] -- Configuring done
[3.272s] CMake Error at CMakeLists.txt:15 (add_executable):
[3.272s]   Cannot find source file:
[3.272s] 
[3.272s]     src/pub1.cpp
[3.272s] 
[3.272s]   Tried extensions .c .C .c++ .cc .cpp .cxx .cu .m .M .mm .h .hh .h++ .hm
[3.272s]   .hpp .hxx .in .txx
[3.272s] 
[3.272s] 
[3.272s] CMake Error at CMakeLists.txt:15 (add_executable):
[3.272s]   No SOURCES given to target: pub1
[3.272s] 
[3.273s] 
[3.273s] CMake Generate step failed.  Build files cannot be regenerated correctly.
[3.278s] Invoked command in '/home/linux/ros2_ws/build/pub1' returned '1': CMAKE_PREFIX_PATH=/opt/ros/foxy /usr/bin/cmake /home/linux/ros2_ws/src/pub1 -DAMENT_CMAKE_SYMLINK_INSTALL=1 -DCMAKE_INSTALL_PREFIX=/home/linux/ros2_ws/install/pub1
