[0.194s] DEBUG:colcon:Command line arguments: ['/usr/bin/colcon', 'build', '--symlink-install', '--packages-select', 'pub2']
[0.194s] DEBUG:colcon:Parsed command line arguments: Namespace(allow_overriding=[], ament_cmake_args=None, base_paths=['.'], build_base='build', catkin_cmake_args=None, catkin_skip_building_tests=False, cmake_args=None, cmake_clean_cache=False, cmake_clean_first=False, cmake_force_configure=False, cmake_target=None, cmake_target_skip_unavailable=False, continue_on_error=False, event_handlers=None, executor='parallel', ignore_user_meta=False, install_base='install', log_base=None, log_level=None, main=<bound method BuildVerb.main of <colcon_core.verb.build.BuildVerb object at 0x7f72458fd460>>, merge_install=False, metas=['./colcon.meta'], packages_above=None, packages_above_and_dependencies=None, packages_above_depth=None, packages_end=None, packages_ignore=None, packages_ignore_regex=None, packages_select=['pub2'], packages_select_build_failed=False, packages_select_by_dep=None, packages_select_regex=None, packages_select_test_failures=False, packages_skip=None, packages_skip_build_finished=False, packages_skip_by_dep=None, packages_skip_regex=None, packages_skip_test_passed=False, packages_skip_up_to=None, packages_start=None, packages_up_to=None, packages_up_to_regex=None, parallel_workers=16, paths=None, symlink_install=True, test_result_base=None, verb_extension=<colcon_core.verb.build.BuildVerb object at 0x7f72458fd460>, verb_name='build', verb_parser=<colcon_defaults.argument_parser.defaults.DefaultArgumentsDecorator object at 0x7f724581dca0>)
[0.306s] Level 1:colcon.colcon_core.package_discovery:discover_packages(colcon_meta) check parameters
[0.307s] Level 1:colcon.colcon_core.package_discovery:discover_packages(recursive) check parameters
[0.307s] Level 1:colcon.colcon_core.package_discovery:discover_packages(ignore) check parameters
[0.307s] Level 1:colcon.colcon_core.package_discovery:discover_packages(path) check parameters
[0.307s] Level 1:colcon.colcon_core.package_discovery:discover_packages(colcon_meta) discover
[0.307s] Level 1:colcon.colcon_core.package_discovery:discover_packages(recursive) discover
[0.307s] INFO:colcon.colcon_core.package_discovery:Crawling recursively for packages in '/home/linux/ros2_ws/src'
[0.307s] Level 1:colcon.colcon_core.package_identification:_identify(.) by extensions ['ignore', 'ignore_ament_install']
[0.307s] Level 1:colcon.colcon_core.package_identification:_identify(.) by extension 'ignore'
[0.307s] Level 1:colcon.colcon_core.package_identification:_identify(.) by extension 'ignore_ament_install'
[0.307s] Level 1:colcon.colcon_core.package_identification:_identify(.) by extensions ['colcon_pkg']
[0.307s] Level 1:colcon.colcon_core.package_identification:_identify(.) by extension 'colcon_pkg'
[0.307s] Level 1:colcon.colcon_core.package_identification:_identify(.) by extensions ['colcon_meta']
[0.307s] Level 1:colcon.colcon_core.package_identification:_identify(.) by extension 'colcon_meta'
[0.307s] Level 1:colcon.colcon_core.package_identification:_identify(.) by extensions ['ros']
[0.307s] Level 1:colcon.colcon_core.package_identification:_identify(.) by extension 'ros'
[0.315s] Level 1:colcon.colcon_core.package_identification:_identify(.) by extensions ['cmake', 'python']
[0.315s] Level 1:colcon.colcon_core.package_identification:_identify(.) by extension 'cmake'
[0.315s] Level 1:colcon.colcon_core.package_identification:_identify(.) by extension 'python'
[0.315s] Level 1:colcon.colcon_core.package_identification:_identify(.) by extensions ['python_setup_py']
[0.316s] Level 1:colcon.colcon_core.package_identification:_identify(.) by extension 'python_setup_py'
[0.316s] Level 1:colcon.colcon_core.package_identification:_identify(build) by extensions ['ignore', 'ignore_ament_install']
[0.316s] Level 1:colcon.colcon_core.package_identification:_identify(build) by extension 'ignore'
[0.316s] Level 1:colcon.colcon_core.package_identification:_identify(build) ignored
[0.316s] Level 1:colcon.colcon_core.package_identification:_identify(first_pkg) by extensions ['ignore', 'ignore_ament_install']
[0.316s] Level 1:colcon.colcon_core.package_identification:_identify(first_pkg) by extension 'ignore'
[0.316s] Level 1:colcon.colcon_core.package_identification:_identify(first_pkg) by extension 'ignore_ament_install'
[0.316s] Level 1:colcon.colcon_core.package_identification:_identify(first_pkg) by extensions ['colcon_pkg']
[0.316s] Level 1:colcon.colcon_core.package_identification:_identify(first_pkg) by extension 'colcon_pkg'
[0.316s] Level 1:colcon.colcon_core.package_identification:_identify(first_pkg) by extensions ['colcon_meta']
[0.316s] Level 1:colcon.colcon_core.package_identification:_identify(first_pkg) by extension 'colcon_meta'
[0.316s] Level 1:colcon.colcon_core.package_identification:_identify(first_pkg) by extensions ['ros']
[0.316s] Level 1:colcon.colcon_core.package_identification:_identify(first_pkg) by extension 'ros'
[0.320s] DEBUG:colcon.colcon_core.package_identification:Package 'first_pkg' with type 'ros.ament_cmake' and name 'first_pkg'
[0.320s] Level 1:colcon.colcon_core.package_identification:_identify(install) by extensions ['ignore', 'ignore_ament_install']
[0.320s] Level 1:colcon.colcon_core.package_identification:_identify(install) by extension 'ignore'
[0.320s] Level 1:colcon.colcon_core.package_identification:_identify(install) ignored
[0.320s] Level 1:colcon.colcon_core.package_identification:_identify(log) by extensions ['ignore', 'ignore_ament_install']
[0.320s] Level 1:colcon.colcon_core.package_identification:_identify(log) by extension 'ignore'
[0.320s] Level 1:colcon.colcon_core.package_identification:_identify(log) ignored
[0.321s] Level 1:colcon.colcon_core.package_identification:_identify(pub1) by extensions ['ignore', 'ignore_ament_install']
[0.321s] Level 1:colcon.colcon_core.package_identification:_identify(pub1) by extension 'ignore'
[0.321s] Level 1:colcon.colcon_core.package_identification:_identify(pub1) by extension 'ignore_ament_install'
[0.321s] Level 1:colcon.colcon_core.package_identification:_identify(pub1) by extensions ['colcon_pkg']
[0.321s] Level 1:colcon.colcon_core.package_identification:_identify(pub1) by extension 'colcon_pkg'
[0.321s] Level 1:colcon.colcon_core.package_identification:_identify(pub1) by extensions ['colcon_meta']
[0.321s] Level 1:colcon.colcon_core.package_identification:_identify(pub1) by extension 'colcon_meta'
[0.321s] Level 1:colcon.colcon_core.package_identification:_identify(pub1) by extensions ['ros']
[0.321s] Level 1:colcon.colcon_core.package_identification:_identify(pub1) by extension 'ros'
[0.322s] DEBUG:colcon.colcon_core.package_identification:Package 'pub1' with type 'ros.ament_cmake' and name 'pub1'
[0.322s] Level 1:colcon.colcon_core.package_identification:_identify(pub1_1) by extensions ['ignore', 'ignore_ament_install']
[0.322s] Level 1:colcon.colcon_core.package_identification:_identify(pub1_1) by extension 'ignore'
[0.322s] Level 1:colcon.colcon_core.package_identification:_identify(pub1_1) by extension 'ignore_ament_install'
[0.322s] Level 1:colcon.colcon_core.package_identification:_identify(pub1_1) by extensions ['colcon_pkg']
[0.322s] Level 1:colcon.colcon_core.package_identification:_identify(pub1_1) by extension 'colcon_pkg'
[0.322s] Level 1:colcon.colcon_core.package_identification:_identify(pub1_1) by extensions ['colcon_meta']
[0.322s] Level 1:colcon.colcon_core.package_identification:_identify(pub1_1) by extension 'colcon_meta'
[0.322s] Level 1:colcon.colcon_core.package_identification:_identify(pub1_1) by extensions ['ros']
[0.322s] Level 1:colcon.colcon_core.package_identification:_identify(pub1_1) by extension 'ros'
[0.323s] DEBUG:colcon.colcon_core.package_identification:Package 'pub1_1' with type 'ros.ament_cmake' and name 'pub1_1'
[0.323s] Level 1:colcon.colcon_core.package_identification:_identify(pub1_2) by extensions ['ignore', 'ignore_ament_install']
[0.324s] Level 1:colcon.colcon_core.package_identification:_identify(pub1_2) by extension 'ignore'
[0.324s] Level 1:colcon.colcon_core.package_identification:_identify(pub1_2) by extension 'ignore_ament_install'
[0.324s] Level 1:colcon.colcon_core.package_identification:_identify(pub1_2) by extensions ['colcon_pkg']
[0.324s] Level 1:colcon.colcon_core.package_identification:_identify(pub1_2) by extension 'colcon_pkg'
[0.324s] Level 1:colcon.colcon_core.package_identification:_identify(pub1_2) by extensions ['colcon_meta']
[0.324s] Level 1:colcon.colcon_core.package_identification:_identify(pub1_2) by extension 'colcon_meta'
[0.324s] Level 1:colcon.colcon_core.package_identification:_identify(pub1_2) by extensions ['ros']
[0.324s] Level 1:colcon.colcon_core.package_identification:_identify(pub1_2) by extension 'ros'
[0.325s] DEBUG:colcon.colcon_core.package_identification:Package 'pub1_2' with type 'ros.ament_cmake' and name 'pub1_2'
[0.325s] Level 1:colcon.colcon_core.package_identification:_identify(pub1_3) by extensions ['ignore', 'ignore_ament_install']
[0.325s] Level 1:colcon.colcon_core.package_identification:_identify(pub1_3) by extension 'ignore'
[0.325s] Level 1:colcon.colcon_core.package_identification:_identify(pub1_3) by extension 'ignore_ament_install'
[0.325s] Level 1:colcon.colcon_core.package_identification:_identify(pub1_3) by extensions ['colcon_pkg']
[0.325s] Level 1:colcon.colcon_core.package_identification:_identify(pub1_3) by extension 'colcon_pkg'
[0.325s] Level 1:colcon.colcon_core.package_identification:_identify(pub1_3) by extensions ['colcon_meta']
[0.325s] Level 1:colcon.colcon_core.package_identification:_identify(pub1_3) by extension 'colcon_meta'
[0.325s] Level 1:colcon.colcon_core.package_identification:_identify(pub1_3) by extensions ['ros']
[0.325s] Level 1:colcon.colcon_core.package_identification:_identify(pub1_3) by extension 'ros'
[0.326s] DEBUG:colcon.colcon_core.package_identification:Package 'pub1_3' with type 'ros.ament_cmake' and name 'pub1_3'
[0.326s] Level 1:colcon.colcon_core.package_identification:_identify(pub2) by extensions ['ignore', 'ignore_ament_install']
[0.326s] Level 1:colcon.colcon_core.package_identification:_identify(pub2) by extension 'ignore'
[0.326s] Level 1:colcon.colcon_core.package_identification:_identify(pub2) by extension 'ignore_ament_install'
[0.326s] Level 1:colcon.colcon_core.package_identification:_identify(pub2) by extensions ['colcon_pkg']
[0.327s] Level 1:colcon.colcon_core.package_identification:_identify(pub2) by extension 'colcon_pkg'
[0.327s] Level 1:colcon.colcon_core.package_identification:_identify(pub2) by extensions ['colcon_meta']
[0.327s] Level 1:colcon.colcon_core.package_identification:_identify(pub2) by extension 'colcon_meta'
[0.327s] Level 1:colcon.colcon_core.package_identification:_identify(pub2) by extensions ['ros']
[0.327s] Level 1:colcon.colcon_core.package_identification:_identify(pub2) by extension 'ros'
[0.327s] DEBUG:colcon.colcon_core.package_identification:Package 'pub2' with type 'ros.ament_cmake' and name 'pub2'
[0.327s] Level 1:colcon.colcon_core.package_identification:_identify(teleop_twist_joy) by extensions ['ignore', 'ignore_ament_install']
[0.327s] Level 1:colcon.colcon_core.package_identification:_identify(teleop_twist_joy) by extension 'ignore'
[0.327s] Level 1:colcon.colcon_core.package_identification:_identify(teleop_twist_joy) by extension 'ignore_ament_install'
[0.327s] Level 1:colcon.colcon_core.package_identification:_identify(teleop_twist_joy) by extensions ['colcon_pkg']
[0.327s] Level 1:colcon.colcon_core.package_identification:_identify(teleop_twist_joy) by extension 'colcon_pkg'
[0.327s] Level 1:colcon.colcon_core.package_identification:_identify(teleop_twist_joy) by extensions ['colcon_meta']
[0.327s] Level 1:colcon.colcon_core.package_identification:_identify(teleop_twist_joy) by extension 'colcon_meta'
[0.327s] Level 1:colcon.colcon_core.package_identification:_identify(teleop_twist_joy) by extensions ['ros']
[0.328s] Level 1:colcon.colcon_core.package_identification:_identify(teleop_twist_joy) by extension 'ros'
[0.329s] DEBUG:colcon.colcon_core.package_identification:Package 'teleop_twist_joy' with type 'ros.ament_cmake' and name 'teleop_twist_joy'
[0.329s] Level 1:colcon.colcon_core.package_discovery:discover_packages(recursive) using defaults
[0.329s] Level 1:colcon.colcon_core.package_discovery:discover_packages(ignore) discover
[0.329s] Level 1:colcon.colcon_core.package_discovery:discover_packages(ignore) using defaults
[0.329s] Level 1:colcon.colcon_core.package_discovery:discover_packages(path) discover
[0.329s] Level 1:colcon.colcon_core.package_discovery:discover_packages(path) using defaults
[0.341s] INFO:colcon.colcon_core.package_selection:Skipping not selected package 'first_pkg' in 'first_pkg'
[0.341s] INFO:colcon.colcon_core.package_selection:Skipping not selected package 'pub1' in 'pub1'
[0.341s] INFO:colcon.colcon_core.package_selection:Skipping not selected package 'pub1_1' in 'pub1_1'
[0.341s] INFO:colcon.colcon_core.package_selection:Skipping not selected package 'pub1_2' in 'pub1_2'
[0.341s] INFO:colcon.colcon_core.package_selection:Skipping not selected package 'pub1_3' in 'pub1_3'
[0.341s] INFO:colcon.colcon_core.package_selection:Skipping not selected package 'teleop_twist_joy' in 'teleop_twist_joy'
[0.342s] Level 1:colcon.colcon_core.package_discovery:discover_packages(prefix_path) check parameters
[0.342s] Level 1:colcon.colcon_core.package_discovery:discover_packages(prefix_path) discover
[0.346s] DEBUG:colcon.colcon_installed_package_information.package_discovery:Found 5 installed packages in /home/linux/ros2_ws/install
[0.347s] DEBUG:colcon.colcon_installed_package_information.package_discovery:Found 258 installed packages in /opt/ros/foxy
[0.354s] Level 1:colcon.colcon_core.package_discovery:discover_packages(prefix_path) using defaults
[0.421s] Level 5:colcon.colcon_core.verb:set package 'pub2' build argument 'cmake_args' from command line to 'None'
[0.421s] Level 5:colcon.colcon_core.verb:set package 'pub2' build argument 'cmake_target' from command line to 'None'
[0.421s] Level 5:colcon.colcon_core.verb:set package 'pub2' build argument 'cmake_target_skip_unavailable' from command line to 'False'
[0.421s] Level 5:colcon.colcon_core.verb:set package 'pub2' build argument 'cmake_clean_cache' from command line to 'False'
[0.421s] Level 5:colcon.colcon_core.verb:set package 'pub2' build argument 'cmake_clean_first' from command line to 'False'
[0.421s] Level 5:colcon.colcon_core.verb:set package 'pub2' build argument 'cmake_force_configure' from command line to 'False'
[0.421s] Level 5:colcon.colcon_core.verb:set package 'pub2' build argument 'ament_cmake_args' from command line to 'None'
[0.421s] Level 5:colcon.colcon_core.verb:set package 'pub2' build argument 'catkin_cmake_args' from command line to 'None'
[0.421s] Level 5:colcon.colcon_core.verb:set package 'pub2' build argument 'catkin_skip_building_tests' from command line to 'False'
[0.421s] DEBUG:colcon.colcon_core.verb:Building package 'pub2' with the following arguments: {'ament_cmake_args': None, 'build_base': '/home/linux/ros2_ws/src/build/pub2', 'catkin_cmake_args': None, 'catkin_skip_building_tests': False, 'cmake_args': None, 'cmake_clean_cache': False, 'cmake_clean_first': False, 'cmake_force_configure': False, 'cmake_target': None, 'cmake_target_skip_unavailable': False, 'install_base': '/home/linux/ros2_ws/src/install/pub2', 'merge_install': False, 'path': '/home/linux/ros2_ws/src/pub2', 'symlink_install': True, 'test_result_base': None}
[0.421s] INFO:colcon.colcon_core.executor:Executing jobs using 'parallel' executor
[0.422s] DEBUG:colcon.colcon_parallel_executor.executor.parallel:run_until_complete
[0.422s] INFO:colcon.colcon_ros.task.ament_cmake.build:Building ROS package in '/home/linux/ros2_ws/src/pub2' with build type 'ament_cmake'
[0.422s] INFO:colcon.colcon_cmake.task.cmake.build:Building CMake package in '/home/linux/ros2_ws/src/pub2'
[0.426s] INFO:colcon.colcon_core.plugin_system:Skipping extension 'colcon_core.shell.bat': Not used on non-Windows systems
[0.426s] INFO:colcon.colcon_core.shell:Skip shell extension 'powershell' for command environment: Not usable outside of PowerShell
[0.426s] DEBUG:colcon.colcon_core.shell:Skip shell extension 'dsv' for command environment
[0.435s] DEBUG:colcon.colcon_core.event_handler.log_command:Invoking command in '/home/linux/ros2_ws/src/build/pub2': CMAKE_PREFIX_PATH=${CMAKE_PREFIX_PATH}:/opt/ros/foxy /usr/bin/cmake /home/linux/ros2_ws/src/pub2 -DAMENT_CMAKE_SYMLINK_INSTALL=1 -DCMAKE_INSTALL_PREFIX=/home/linux/ros2_ws/src/install/pub2
[4.636s] DEBUG:colcon.colcon_core.event_handler.log_command:Invoked command in '/home/linux/ros2_ws/src/build/pub2' returned '0': CMAKE_PREFIX_PATH=${CMAKE_PREFIX_PATH}:/opt/ros/foxy /usr/bin/cmake /home/linux/ros2_ws/src/pub2 -DAMENT_CMAKE_SYMLINK_INSTALL=1 -DCMAKE_INSTALL_PREFIX=/home/linux/ros2_ws/src/install/pub2
[4.639s] DEBUG:colcon.colcon_core.event_handler.log_command:Invoking command in '/home/linux/ros2_ws/src/build/pub2': CMAKE_PREFIX_PATH=${CMAKE_PREFIX_PATH}:/opt/ros/foxy /usr/bin/cmake --build /home/linux/ros2_ws/src/build/pub2 -- -j16 -l16
[6.387s] Level 1:colcon.colcon_core.environment:create_environment_scripts_only(pub2)
[6.387s] DEBUG:colcon.colcon_core.event_handler.log_command:Invoked command in '/home/linux/ros2_ws/src/build/pub2' returned '2': CMAKE_PREFIX_PATH=${CMAKE_PREFIX_PATH}:/opt/ros/foxy /usr/bin/cmake --build /home/linux/ros2_ws/src/build/pub2 -- -j16 -l16
[6.391s] Level 1:colcon.colcon_core.environment:checking '/home/linux/ros2_ws/src/install/pub2' for CMake module files
[6.392s] Level 1:colcon.colcon_core.environment:checking '/home/linux/ros2_ws/src/install/pub2' for CMake config files
[6.392s] Level 1:colcon.colcon_core.environment:checking '/home/linux/ros2_ws/src/install/pub2/bin'
[6.392s] Level 1:colcon.colcon_core.environment:checking '/home/linux/ros2_ws/src/install/pub2/lib/pkgconfig/pub2.pc'
[6.392s] Level 1:colcon.colcon_core.environment:checking '/home/linux/ros2_ws/src/install/pub2/lib/python3.8/site-packages'
[6.392s] Level 1:colcon.colcon_core.environment:checking '/home/linux/ros2_ws/src/install/pub2/bin'
[6.392s] INFO:colcon.colcon_core.shell:Creating package script '/home/linux/ros2_ws/src/install/pub2/share/pub2/package.ps1'
[6.394s] INFO:colcon.colcon_core.shell:Creating package descriptor '/home/linux/ros2_ws/src/install/pub2/share/pub2/package.dsv'
[6.395s] INFO:colcon.colcon_core.shell:Creating package script '/home/linux/ros2_ws/src/install/pub2/share/pub2/package.sh'
[6.395s] INFO:colcon.colcon_core.shell:Creating package script '/home/linux/ros2_ws/src/install/pub2/share/pub2/package.bash'
[6.396s] INFO:colcon.colcon_core.shell:Creating package script '/home/linux/ros2_ws/src/install/pub2/share/pub2/package.zsh'
[6.397s] Level 1:colcon.colcon_core.environment:create_file_with_runtime_dependencies(/home/linux/ros2_ws/src/install/pub2/share/colcon-core/packages/pub2)
[6.398s] DEBUG:colcon.colcon_parallel_executor.executor.parallel:closing loop
[6.398s] DEBUG:colcon.colcon_parallel_executor.executor.parallel:loop closed
[6.398s] DEBUG:colcon.colcon_parallel_executor.executor.parallel:run_until_complete finished with '2'
[6.399s] DEBUG:colcon.colcon_core.event_reactor:joining thread
[6.425s] INFO:colcon.colcon_core.plugin_system:Skipping extension 'colcon_notification.desktop_notification.notify_send': Could not find 'notify-send'
[6.425s] INFO:colcon.colcon_core.plugin_system:Skipping extension 'colcon_notification.desktop_notification.terminal_notifier': Not used on non-Darwin systems
[6.425s] INFO:colcon.colcon_core.plugin_system:Skipping extension 'colcon_notification.desktop_notification.win32': Not used on non-Windows systems
[6.425s] INFO:colcon.colcon_notification.desktop_notification:Sending desktop notification using 'notify2'
[6.429s] DEBUG:colcon.colcon_notification.desktop_notification.notify2:Failed to initialize notify2: org.freedesktop.DBus.Error.ServiceUnknown: The name org.freedesktop.Notifications was not provided by any .service files
[6.430s] DEBUG:colcon.colcon_core.event_reactor:joined thread
[6.430s] INFO:colcon.colcon_core.shell:Creating prefix script '/home/linux/ros2_ws/src/install/local_setup.ps1'
[6.433s] INFO:colcon.colcon_core.shell:Creating prefix util module '/home/linux/ros2_ws/src/install/_local_setup_util_ps1.py'
[6.435s] INFO:colcon.colcon_core.shell:Creating prefix chain script '/home/linux/ros2_ws/src/install/setup.ps1'
[6.437s] INFO:colcon.colcon_core.shell:Creating prefix script '/home/linux/ros2_ws/src/install/local_setup.sh'
[6.437s] INFO:colcon.colcon_core.shell:Creating prefix util module '/home/linux/ros2_ws/src/install/_local_setup_util_sh.py'
[6.438s] INFO:colcon.colcon_core.shell:Creating prefix chain script '/home/linux/ros2_ws/src/install/setup.sh'
[6.440s] INFO:colcon.colcon_core.shell:Creating prefix script '/home/linux/ros2_ws/src/install/local_setup.bash'
[6.441s] INFO:colcon.colcon_core.shell:Creating prefix chain script '/home/linux/ros2_ws/src/install/setup.bash'
[6.442s] INFO:colcon.colcon_core.shell:Creating prefix script '/home/linux/ros2_ws/src/install/local_setup.zsh'
[6.443s] INFO:colcon.colcon_core.shell:Creating prefix chain script '/home/linux/ros2_ws/src/install/setup.zsh'
