[0.014s] Invoking command in '/home/linux/ros2_ws/build/pub1_1': CMAKE_PREFIX_PATH=${CMAKE_PREFIX_PATH}:/opt/ros/foxy /usr/bin/cmake /home/linux/ros2_ws/src/pub1_1 -DAMENT_CMAKE_SYMLINK_INSTALL=1 -DCMAKE_INSTALL_PREFIX=/home/linux/ros2_ws/install/pub1_1
[0.139s] -- The C compiler identification is GNU 9.4.0
[0.322s] -- The CXX compiler identification is GNU 9.4.0
[0.396s] -- Check for working C compiler: /usr/bin/cc
[0.511s] -- Check for working C compiler: /usr/bin/cc -- works
[0.512s] -- Detecting C compiler ABI info
[0.627s] -- Detecting C compiler ABI info - done
[0.636s] -- Detecting C compile features
[0.637s] -- Detecting C compile features - done
[0.639s] -- Check for working CXX compiler: /usr/bin/c++
[0.759s] -- Check for working CXX compiler: /usr/bin/c++ -- works
[0.760s] -- Detecting CXX compiler ABI info
[0.870s] -- Detecting CXX compiler ABI info - done
[0.879s] -- Detecting CXX compile features
[0.879s] -- Detecting CXX compile features - done
[0.881s] -- Found ament_cmake: 0.9.12 (/opt/ros/foxy/share/ament_cmake/cmake)
[0.899s] -- Found PythonInterp: /usr/bin/python3 (found suitable version "3.8.10", minimum required is "3") 
[0.899s] -- Using PYTHON_EXECUTABLE: /usr/bin/python3
[1.035s] -- Override CMake install command with custom implementation using symlinks instead of copying resources
[1.053s] -- Found rclcpp: 2.4.3 (/opt/ros/foxy/share/rclcpp/cmake)
[1.160s] -- Using all available rosidl_typesupport_c: rosidl_typesupport_fastrtps_c;rosidl_typesupport_introspection_c
[1.165s] -- Found rosidl_adapter: 1.3.1 (/opt/ros/foxy/share/rosidl_adapter/cmake)
[1.900s] -- Found OpenSSL: /usr/lib/x86_64-linux-gnu/libcrypto.so (found version "1.1.1f")  
[2.645s] -- Found FastRTPS: /opt/ros/foxy/include  
[3.995s] -- Using all available rosidl_typesupport_cpp: rosidl_typesupport_fastrtps_cpp;rosidl_typesupport_introspection_cpp
[4.041s] -- Found rmw_implementation_cmake: 1.0.4 (/opt/ros/foxy/share/rmw_implementation_cmake/cmake)
[4.042s] -- Using RMW implementation 'rmw_fastrtps_cpp' as default
[4.043s] -- Looking for pthread.h
[4.165s] -- Looking for pthread.h - found
[4.165s] -- Performing Test CMAKE_HAVE_LIBC_PTHREAD
[4.270s] -- Performing Test CMAKE_HAVE_LIBC_PTHREAD - Failed
[4.270s] -- Looking for pthread_create in pthreads
[4.382s] -- Looking for pthread_create in pthreads - not found
[4.382s] -- Looking for pthread_create in pthread
[4.496s] -- Looking for pthread_create in pthread - found
[4.497s] -- Found Threads: TRUE  
[4.667s] CMake Error at /opt/ros/foxy/share/ament_cmake_core/cmake/core/ament_package_xml.cmake:53 (message):
[4.667s]   ament_package_xml() package name 'pub1_1' in '/package.xml' does not match
[4.667s]   current PROJECT_NAME 'pub1'.  You must call project() with the same package
[4.668s]   name before.
[4.668s] Call Stack (most recent call first):
[4.668s]   /opt/ros/foxy/share/ament_cmake_core/cmake/core/ament_package.cmake:63 (ament_package_xml)
[4.668s]   CMakeLists.txt:21 (ament_package)
[4.668s] 
[4.668s] 
[4.669s] -- Configuring incomplete, errors occurred!
[4.669s] See also "/home/linux/ros2_ws/build/pub1_1/CMakeFiles/CMakeOutput.log".
[4.669s] See also "/home/linux/ros2_ws/build/pub1_1/CMakeFiles/CMakeError.log".
[4.677s] Invoked command in '/home/linux/ros2_ws/build/pub1_1' returned '1': CMAKE_PREFIX_PATH=${CMAKE_PREFIX_PATH}:/opt/ros/foxy /usr/bin/cmake /home/linux/ros2_ws/src/pub1_1 -DAMENT_CMAKE_SYMLINK_INSTALL=1 -DCMAKE_INSTALL_PREFIX=/home/linux/ros2_ws/install/pub1_1
